[2024-04-05 06:59:46] local.ERROR: Command "make:filament-user" is not defined.

Did you mean one of these?
    make:cast
    make:channel
    make:command
    make:component
    make:controller
    make:event
    make:exception
    make:factory
    make:job
    make:listener
    make:mail
    make:middleware
    make:migration
    make:model
    make:notification
    make:observer
    make:policy
    make:provider
    make:request
    make:resource
    make:rule
    make:scope
    make:seeder
    make:test
    make:view {"exception":"[object] (Symfony\\Component\\Console\\Exception\\CommandNotFoundException(code: 0): Command \"make:filament-user\" is not defined.

Did you mean one of these?
    make:cast
    make:channel
    make:command
    make:component
    make:controller
    make:event
    make:exception
    make:factory
    make:job
    make:listener
    make:mail
    make:middleware
    make:migration
    make:model
    make:notification
    make:observer
    make:policy
    make:provider
    make:request
    make:resource
    make:rule
    make:scope
    make:seeder
    make:test
    make:view at C:\\Users\\wiran\\Desktop\\anakhebat\\vendor\\symfony\\console\\Application.php:737)
[stacktrace]
#0 C:\\Users\\wiran\\Desktop\\anakhebat\\vendor\\symfony\\console\\Application.php(266): Symfony\\Component\\Console\\Application->find('make:filament-u...')
#1 C:\\Users\\wiran\\Desktop\\anakhebat\\vendor\\symfony\\console\\Application.php(175): Symfony\\Component\\Console\\Application->doRun(Object(Symfony\\Component\\Console\\Input\\ArgvInput), Object(Symfony\\Component\\Console\\Output\\ConsoleOutput))
#2 C:\\Users\\wiran\\Desktop\\anakhebat\\vendor\\laravel\\framework\\src\\Illuminate\\Foundation\\Console\\Kernel.php(201): Symfony\\Component\\Console\\Application->run(Object(Symfony\\Component\\Console\\Input\\ArgvInput), Object(Symfony\\Component\\Console\\Output\\ConsoleOutput))
#3 C:\\Users\\wiran\\Desktop\\anakhebat\\artisan(35): Illuminate\\Foundation\\Console\\Kernel->handle(Object(Symfony\\Component\\Console\\Input\\ArgvInput), Object(Symfony\\Component\\Console\\Output\\ConsoleOutput))
#4 {main}
"} 
[2024-04-05 07:00:32] local.ERROR: Command "make:filament-user" is not defined.

Did you mean one of these?
    make:cast
    make:channel
    make:command
    make:component
    make:controller
    make:event
    make:exception
    make:factory
    make:job
    make:listener
    make:mail
    make:middleware
    make:migration
    make:model
    make:notification
    make:observer
    make:policy
    make:provider
    make:request
    make:resource
    make:rule
    make:scope
    make:seeder
    make:test
    make:view {"exception":"[object] (Symfony\\Component\\Console\\Exception\\CommandNotFoundException(code: 0): Command \"make:filament-user\" is not defined.

Did you mean one of these?
    make:cast
    make:channel
    make:command
    make:component
    make:controller
    make:event
    make:exception
    make:factory
    make:job
    make:listener
    make:mail
    make:middleware
    make:migration
    make:model
    make:notification
    make:observer
    make:policy
    make:provider
    make:request
    make:resource
    make:rule
    make:scope
    make:seeder
    make:test
    make:view at C:\\Users\\wiran\\Desktop\\anakhebat\\vendor\\symfony\\console\\Application.php:737)
[stacktrace]
#0 C:\\Users\\wiran\\Desktop\\anakhebat\\vendor\\symfony\\console\\Application.php(266): Symfony\\Component\\Console\\Application->find('make:filament-u...')
#1 C:\\Users\\wiran\\Desktop\\anakhebat\\vendor\\symfony\\console\\Application.php(175): Symfony\\Component\\Console\\Application->doRun(Object(Symfony\\Component\\Console\\Input\\ArgvInput), Object(Symfony\\Component\\Console\\Output\\ConsoleOutput))
#2 C:\\Users\\wiran\\Desktop\\anakhebat\\vendor\\laravel\\framework\\src\\Illuminate\\Foundation\\Console\\Kernel.php(201): Symfony\\Component\\Console\\Application->run(Object(Symfony\\Component\\Console\\Input\\ArgvInput), Object(Symfony\\Component\\Console\\Output\\ConsoleOutput))
#3 C:\\Users\\wiran\\Desktop\\anakhebat\\artisan(35): Illuminate\\Foundation\\Console\\Kernel->handle(Object(Symfony\\Component\\Console\\Input\\ArgvInput), Object(Symfony\\Component\\Console\\Output\\ConsoleOutput))
#4 {main}
"} 
[2024-04-05 07:00:36] local.ERROR: Command "make:filament-user" is not defined.

Did you mean one of these?
    make:cast
    make:channel
    make:command
    make:component
    make:controller
    make:event
    make:exception
    make:factory
    make:job
    make:listener
    make:mail
    make:middleware
    make:migration
    make:model
    make:notification
    make:observer
    make:policy
    make:provider
    make:request
    make:resource
    make:rule
    make:scope
    make:seeder
    make:test
    make:view {"exception":"[object] (Symfony\\Component\\Console\\Exception\\CommandNotFoundException(code: 0): Command \"make:filament-user\" is not defined.

Did you mean one of these?
    make:cast
    make:channel
    make:command
    make:component
    make:controller
    make:event
    make:exception
    make:factory
    make:job
    make:listener
    make:mail
    make:middleware
    make:migration
    make:model
    make:notification
    make:observer
    make:policy
    make:provider
    make:request
    make:resource
    make:rule
    make:scope
    make:seeder
    make:test
    make:view at C:\\Users\\wiran\\Desktop\\anakhebat\\vendor\\symfony\\console\\Application.php:737)
[stacktrace]
#0 C:\\Users\\wiran\\Desktop\\anakhebat\\vendor\\symfony\\console\\Application.php(266): Symfony\\Component\\Console\\Application->find('make:filament-u...')
#1 C:\\Users\\wiran\\Desktop\\anakhebat\\vendor\\symfony\\console\\Application.php(175): Symfony\\Component\\Console\\Application->doRun(Object(Symfony\\Component\\Console\\Input\\ArgvInput), Object(Symfony\\Component\\Console\\Output\\ConsoleOutput))
#2 C:\\Users\\wiran\\Desktop\\anakhebat\\vendor\\laravel\\framework\\src\\Illuminate\\Foundation\\Console\\Kernel.php(201): Symfony\\Component\\Console\\Application->run(Object(Symfony\\Component\\Console\\Input\\ArgvInput), Object(Symfony\\Component\\Console\\Output\\ConsoleOutput))
#3 C:\\Users\\wiran\\Desktop\\anakhebat\\artisan(35): Illuminate\\Foundation\\Console\\Kernel->handle(Object(Symfony\\Component\\Console\\Input\\ArgvInput), Object(Symfony\\Component\\Console\\Output\\ConsoleOutput))
#4 {main}
"} 
[2024-04-05 08:07:43] local.ERROR: syntax error, unexpected token "}", expecting "," or ";" {"exception":"[object] (Symfony\\Component\\ErrorHandler\\Error\\FatalError(code: 0): syntax error, unexpected token \"}\", expecting \",\" or \";\" at C:\\Users\\wiran\\Desktop\\anakhebat\\app\\Models\\Anak.php:13)
[stacktrace]
#0 {main}
"} 
[2024-04-05 08:07:50] local.ERROR: syntax error, unexpected token "}" {"exception":"[object] (Symfony\\Component\\ErrorHandler\\Error\\FatalError(code: 0): syntax error, unexpected token \"}\" at C:\\Users\\wiran\\Desktop\\anakhebat\\app\\Models\\Anak.php:13)
[stacktrace]
#0 {main}
"} 
[2024-04-05 08:07:58] local.ERROR: syntax error, unexpected token "}", expecting "," or ";" {"exception":"[object] (Symfony\\Component\\ErrorHandler\\Error\\FatalError(code: 0): syntax error, unexpected token \"}\", expecting \",\" or \";\" at C:\\Users\\wiran\\Desktop\\anakhebat\\app\\Models\\Anak.php:13)
[stacktrace]
#0 {main}
"} 
[2024-04-05 08:08:12] local.ERROR: syntax error, unexpected token "}", expecting "," or ";" {"exception":"[object] (Symfony\\Component\\ErrorHandler\\Error\\FatalError(code: 0): syntax error, unexpected token \"}\", expecting \",\" or \";\" at C:\\Users\\wiran\\Desktop\\anakhebat\\app\\Models\\Anak.php:13)
[stacktrace]
#0 {main}
"} 
[2024-04-05 08:08:22] local.ERROR: syntax error, unexpected token "}", expecting "," or ";" {"exception":"[object] (Symfony\\Component\\ErrorHandler\\Error\\FatalError(code: 0): syntax error, unexpected token \"}\", expecting \",\" or \";\" at C:\\Users\\wiran\\Desktop\\anakhebat\\app\\Models\\Anak.php:13)
[stacktrace]
#0 {main}
"} 
[2024-04-05 08:15:07] local.ERROR: Command "migrate:" is ambiguous.
Did you mean one of these?
    migrate:fresh    Drop all tables and re-run all migrations
    migrate:install  Create the migration repository
    migrate:refresh  Reset and re-run all migrations
    migrate:reset    Rollback all database migrations
    migrate:rollback Rollback the last database migration
    migrate:status   Show the status of each migration. {"exception":"[object] (Symfony\\Component\\Console\\Exception\\CommandNotFoundException(code: 0): Command \"migrate:\" is ambiguous.
Did you mean one of these?
    migrate:fresh    Drop all tables and re-run all migrations
    migrate:install  Create the migration repository
    migrate:refresh  Reset and re-run all migrations
    migrate:reset    Rollback all database migrations
    migrate:rollback Rollback the last database migration
    migrate:status   Show the status of each migration. at C:\\Users\\wiran\\Desktop\\anakhebat\\vendor\\symfony\\console\\Application.php:778)
[stacktrace]
#0 C:\\Users\\wiran\\Desktop\\anakhebat\\vendor\\symfony\\console\\Application.php(266): Symfony\\Component\\Console\\Application->find('migrate:')
#1 C:\\Users\\wiran\\Desktop\\anakhebat\\vendor\\symfony\\console\\Application.php(175): Symfony\\Component\\Console\\Application->doRun(Object(Symfony\\Component\\Console\\Input\\ArgvInput), Object(Symfony\\Component\\Console\\Output\\ConsoleOutput))
#2 C:\\Users\\wiran\\Desktop\\anakhebat\\vendor\\laravel\\framework\\src\\Illuminate\\Foundation\\Console\\Kernel.php(201): Symfony\\Component\\Console\\Application->run(Object(Symfony\\Component\\Console\\Input\\ArgvInput), Object(Symfony\\Component\\Console\\Output\\ConsoleOutput))
#3 C:\\Users\\wiran\\Desktop\\anakhebat\\artisan(35): Illuminate\\Foundation\\Console\\Kernel->handle(Object(Symfony\\Component\\Console\\Input\\ArgvInput), Object(Symfony\\Component\\Console\\Output\\ConsoleOutput))
#4 {main}
"} 
[2024-04-05 08:18:32] local.ERROR: syntax error, unexpected token "}", expecting "," or ";" {"exception":"[object] (Symfony\\Component\\ErrorHandler\\Error\\FatalError(code: 0): syntax error, unexpected token \"}\", expecting \",\" or \";\" at C:\\Users\\wiran\\Desktop\\anakhebat\\app\\Models\\Mitra.php:12)
[stacktrace]
#0 {main}
"} 
[2024-04-05 08:18:39] local.ERROR: syntax error, unexpected token "}", expecting "," or ";" {"exception":"[object] (Symfony\\Component\\ErrorHandler\\Error\\FatalError(code: 0): syntax error, unexpected token \"}\", expecting \",\" or \";\" at C:\\Users\\wiran\\Desktop\\anakhebat\\app\\Models\\Mitra.php:12)
[stacktrace]
#0 {main}
"} 
[2024-04-05 08:18:50] local.ERROR: syntax error, unexpected token "}", expecting "," or ";" {"exception":"[object] (Symfony\\Component\\ErrorHandler\\Error\\FatalError(code: 0): syntax error, unexpected token \"}\", expecting \",\" or \";\" at C:\\Users\\wiran\\Desktop\\anakhebat\\app\\Models\\Mitra.php:12)
[stacktrace]
#0 {main}
"} 
[2024-04-05 08:19:11] local.ERROR: syntax error, unexpected string content "]" {"exception":"[object] (Symfony\\Component\\ErrorHandler\\Error\\FatalError(code: 0): syntax error, unexpected string content \"]\" at C:\\Users\\wiran\\Desktop\\anakhebat\\app\\Models\\Mitra.php:11)
[stacktrace]
#0 {main}
"} 
[2024-04-05 08:19:31] local.ERROR: syntax error, unexpected token "}", expecting "," or ";" {"exception":"[object] (Symfony\\Component\\ErrorHandler\\Error\\FatalError(code: 0): syntax error, unexpected token \"}\", expecting \",\" or \";\" at C:\\Users\\wiran\\Desktop\\anakhebat\\app\\Models\\Mitra.php:12)
[stacktrace]
#0 {main}
"} 
[2024-04-05 08:19:41] local.ERROR: syntax error, unexpected token "}", expecting "," or ";" {"exception":"[object] (Symfony\\Component\\ErrorHandler\\Error\\FatalError(code: 0): syntax error, unexpected token \"}\", expecting \",\" or \";\" at C:\\Users\\wiran\\Desktop\\anakhebat\\app\\Models\\Mitra.php:12)
[stacktrace]
#0 {main}
"} 
[2024-04-05 08:19:50] local.ERROR: syntax error, unexpected token "}", expecting "," or ";" {"exception":"[object] (Symfony\\Component\\ErrorHandler\\Error\\FatalError(code: 0): syntax error, unexpected token \"}\", expecting \",\" or \";\" at C:\\Users\\wiran\\Desktop\\anakhebat\\app\\Models\\Mitra.php:12)
[stacktrace]
#0 {main}
"} 
[2024-04-05 08:27:23] local.ERROR: Route [login] not defined. {"exception":"[object] (Symfony\\Component\\Routing\\Exception\\RouteNotFoundException(code: 0): Route [login] not defined. at C:\\Users\\wiran\\Desktop\\anakhebat\\vendor\\laravel\\framework\\src\\Illuminate\\Routing\\UrlGenerator.php:477)
[stacktrace]
#0 C:\\Users\\wiran\\Desktop\\anakhebat\\vendor\\laravel\\framework\\src\\Illuminate\\Foundation\\helpers.php(811): Illuminate\\Routing\\UrlGenerator->route('login', Array, true)
#1 C:\\Users\\wiran\\Desktop\\anakhebat\\vendor\\laravel\\framework\\src\\Illuminate\\Foundation\\Exceptions\\Handler.php(570): route('login')
#2 C:\\Users\\wiran\\Desktop\\anakhebat\\vendor\\laravel\\framework\\src\\Illuminate\\Foundation\\Exceptions\\Handler.php(471): Illuminate\\Foundation\\Exceptions\\Handler->unauthenticated(Object(Illuminate\\Http\\Request), Object(Illuminate\\Auth\\AuthenticationException))
#3 C:\\Users\\wiran\\Desktop\\anakhebat\\vendor\\laravel\\framework\\src\\Illuminate\\Routing\\Pipeline.php(51): Illuminate\\Foundation\\Exceptions\\Handler->render(Object(Illuminate\\Http\\Request), Object(Illuminate\\Auth\\AuthenticationException))
#4 C:\\Users\\wiran\\Desktop\\anakhebat\\vendor\\laravel\\framework\\src\\Illuminate\\Pipeline\\Pipeline.php(188): Illuminate\\Routing\\Pipeline->handleException(Object(Illuminate\\Http\\Request), Object(Illuminate\\Auth\\AuthenticationException))
#5 C:\\Users\\wiran\\Desktop\\anakhebat\\vendor\\laravel\\framework\\src\\Illuminate\\View\\Middleware\\ShareErrorsFromSession.php(49): Illuminate\\Pipeline\\Pipeline->Illuminate\\Pipeline\\{closure}(Object(Illuminate\\Http\\Request))
#6 C:\\Users\\wiran\\Desktop\\anakhebat\\vendor\\laravel\\framework\\src\\Illuminate\\Pipeline\\Pipeline.php(183): Illuminate\\View\\Middleware\\ShareErrorsFromSession->handle(Object(Illuminate\\Http\\Request), Object(Closure))
#7 C:\\Users\\wiran\\Desktop\\anakhebat\\vendor\\laravel\\framework\\src\\Illuminate\\Session\\Middleware\\StartSession.php(121): Illuminate\\Pipeline\\Pipeline->Illuminate\\Pipeline\\{closure}(Object(Illuminate\\Http\\Request))
#8 C:\\Users\\wiran\\Desktop\\anakhebat\\vendor\\laravel\\framework\\src\\Illuminate\\Session\\Middleware\\StartSession.php(64): Illuminate\\Session\\Middleware\\StartSession->handleStatefulRequest(Object(Illuminate\\Http\\Request), Object(Illuminate\\Session\\Store), Object(Closure))
#9 C:\\Users\\wiran\\Desktop\\anakhebat\\vendor\\laravel\\framework\\src\\Illuminate\\Pipeline\\Pipeline.php(183): Illuminate\\Session\\Middleware\\StartSession->handle(Object(Illuminate\\Http\\Request), Object(Closure))
#10 C:\\Users\\wiran\\Desktop\\anakhebat\\vendor\\laravel\\framework\\src\\Illuminate\\Cookie\\Middleware\\AddQueuedCookiesToResponse.php(37): Illuminate\\Pipeline\\Pipeline->Illuminate\\Pipeline\\{closure}(Object(Illuminate\\Http\\Request))
#11 C:\\Users\\wiran\\Desktop\\anakhebat\\vendor\\laravel\\framework\\src\\Illuminate\\Pipeline\\Pipeline.php(183): Illuminate\\Cookie\\Middleware\\AddQueuedCookiesToResponse->handle(Object(Illuminate\\Http\\Request), Object(Closure))
#12 C:\\Users\\wiran\\Desktop\\anakhebat\\vendor\\laravel\\framework\\src\\Illuminate\\Cookie\\Middleware\\EncryptCookies.php(67): Illuminate\\Pipeline\\Pipeline->Illuminate\\Pipeline\\{closure}(Object(Illuminate\\Http\\Request))
#13 C:\\Users\\wiran\\Desktop\\anakhebat\\vendor\\laravel\\framework\\src\\Illuminate\\Pipeline\\Pipeline.php(183): Illuminate\\Cookie\\Middleware\\EncryptCookies->handle(Object(Illuminate\\Http\\Request), Object(Closure))
#14 C:\\Users\\wiran\\Desktop\\anakhebat\\vendor\\laravel\\framework\\src\\Illuminate\\Pipeline\\Pipeline.php(119): Illuminate\\Pipeline\\Pipeline->Illuminate\\Pipeline\\{closure}(Object(Illuminate\\Http\\Request))
#15 C:\\Users\\wiran\\Desktop\\anakhebat\\vendor\\laravel\\framework\\src\\Illuminate\\Routing\\Router.php(805): Illuminate\\Pipeline\\Pipeline->then(Object(Closure))
#16 C:\\Users\\wiran\\Desktop\\anakhebat\\vendor\\laravel\\framework\\src\\Illuminate\\Routing\\Router.php(784): Illuminate\\Routing\\Router->runRouteWithinStack(Object(Illuminate\\Routing\\Route), Object(Illuminate\\Http\\Request))
#17 C:\\Users\\wiran\\Desktop\\anakhebat\\vendor\\laravel\\framework\\src\\Illuminate\\Routing\\Router.php(748): Illuminate\\Routing\\Router->runRoute(Object(Illuminate\\Http\\Request), Object(Illuminate\\Routing\\Route))
#18 C:\\Users\\wiran\\Desktop\\anakhebat\\vendor\\laravel\\framework\\src\\Illuminate\\Routing\\Router.php(737): Illuminate\\Routing\\Router->dispatchToRoute(Object(Illuminate\\Http\\Request))
#19 C:\\Users\\wiran\\Desktop\\anakhebat\\vendor\\laravel\\framework\\src\\Illuminate\\Foundation\\Http\\Kernel.php(200): Illuminate\\Routing\\Router->dispatch(Object(Illuminate\\Http\\Request))
#20 C:\\Users\\wiran\\Desktop\\anakhebat\\vendor\\laravel\\framework\\src\\Illuminate\\Pipeline\\Pipeline.php(144): Illuminate\\Foundation\\Http\\Kernel->Illuminate\\Foundation\\Http\\{closure}(Object(Illuminate\\Http\\Request))
#21 C:\\Users\\wiran\\Desktop\\anakhebat\\vendor\\livewire\\livewire\\src\\DisableBrowserCache.php(19): Illuminate\\Pipeline\\Pipeline->Illuminate\\Pipeline\\{closure}(Object(Illuminate\\Http\\Request))
#22 C:\\Users\\wiran\\Desktop\\anakhebat\\vendor\\laravel\\framework\\src\\Illuminate\\Pipeline\\Pipeline.php(183): Livewire\\DisableBrowserCache->handle(Object(Illuminate\\Http\\Request), Object(Closure))
#23 C:\\Users\\wiran\\Desktop\\anakhebat\\vendor\\laravel\\framework\\src\\Illuminate\\Foundation\\Http\\Middleware\\TransformsRequest.php(21): Illuminate\\Pipeline\\Pipeline->Illuminate\\Pipeline\\{closure}(Object(Illuminate\\Http\\Request))
#24 C:\\Users\\wiran\\Desktop\\anakhebat\\vendor\\laravel\\framework\\src\\Illuminate\\Foundation\\Http\\Middleware\\ConvertEmptyStringsToNull.php(31): Illuminate\\Foundation\\Http\\Middleware\\TransformsRequest->handle(Object(Illuminate\\Http\\Request), Object(Closure))
#25 C:\\Users\\wiran\\Desktop\\anakhebat\\vendor\\laravel\\framework\\src\\Illuminate\\Pipeline\\Pipeline.php(183): Illuminate\\Foundation\\Http\\Middleware\\ConvertEmptyStringsToNull->handle(Object(Illuminate\\Http\\Request), Object(Closure))
#26 C:\\Users\\wiran\\Desktop\\anakhebat\\vendor\\laravel\\framework\\src\\Illuminate\\Foundation\\Http\\Middleware\\TransformsRequest.php(21): Illuminate\\Pipeline\\Pipeline->Illuminate\\Pipeline\\{closure}(Object(Illuminate\\Http\\Request))
#27 C:\\Users\\wiran\\Desktop\\anakhebat\\vendor\\laravel\\framework\\src\\Illuminate\\Foundation\\Http\\Middleware\\TrimStrings.php(40): Illuminate\\Foundation\\Http\\Middleware\\TransformsRequest->handle(Object(Illuminate\\Http\\Request), Object(Closure))
#28 C:\\Users\\wiran\\Desktop\\anakhebat\\vendor\\laravel\\framework\\src\\Illuminate\\Pipeline\\Pipeline.php(183): Illuminate\\Foundation\\Http\\Middleware\\TrimStrings->handle(Object(Illuminate\\Http\\Request), Object(Closure))
#29 C:\\Users\\wiran\\Desktop\\anakhebat\\vendor\\laravel\\framework\\src\\Illuminate\\Foundation\\Http\\Middleware\\ValidatePostSize.php(27): Illuminate\\Pipeline\\Pipeline->Illuminate\\Pipeline\\{closure}(Object(Illuminate\\Http\\Request))
#30 C:\\Users\\wiran\\Desktop\\anakhebat\\vendor\\laravel\\framework\\src\\Illuminate\\Pipeline\\Pipeline.php(183): Illuminate\\Foundation\\Http\\Middleware\\ValidatePostSize->handle(Object(Illuminate\\Http\\Request), Object(Closure))
#31 C:\\Users\\wiran\\Desktop\\anakhebat\\vendor\\laravel\\framework\\src\\Illuminate\\Foundation\\Http\\Middleware\\PreventRequestsDuringMaintenance.php(99): Illuminate\\Pipeline\\Pipeline->Illuminate\\Pipeline\\{closure}(Object(Illuminate\\Http\\Request))
#32 C:\\Users\\wiran\\Desktop\\anakhebat\\vendor\\laravel\\framework\\src\\Illuminate\\Pipeline\\Pipeline.php(183): Illuminate\\Foundation\\Http\\Middleware\\PreventRequestsDuringMaintenance->handle(Object(Illuminate\\Http\\Request), Object(Closure))
#33 C:\\Users\\wiran\\Desktop\\anakhebat\\vendor\\laravel\\framework\\src\\Illuminate\\Http\\Middleware\\HandleCors.php(49): Illuminate\\Pipeline\\Pipeline->Illuminate\\Pipeline\\{closure}(Object(Illuminate\\Http\\Request))
#34 C:\\Users\\wiran\\Desktop\\anakhebat\\vendor\\laravel\\framework\\src\\Illuminate\\Pipeline\\Pipeline.php(183): Illuminate\\Http\\Middleware\\HandleCors->handle(Object(Illuminate\\Http\\Request), Object(Closure))
#35 C:\\Users\\wiran\\Desktop\\anakhebat\\vendor\\laravel\\framework\\src\\Illuminate\\Http\\Middleware\\TrustProxies.php(39): Illuminate\\Pipeline\\Pipeline->Illuminate\\Pipeline\\{closure}(Object(Illuminate\\Http\\Request))
#36 C:\\Users\\wiran\\Desktop\\anakhebat\\vendor\\laravel\\framework\\src\\Illuminate\\Pipeline\\Pipeline.php(183): Illuminate\\Http\\Middleware\\TrustProxies->handle(Object(Illuminate\\Http\\Request), Object(Closure))
#37 C:\\Users\\wiran\\Desktop\\anakhebat\\vendor\\laravel\\framework\\src\\Illuminate\\Pipeline\\Pipeline.php(119): Illuminate\\Pipeline\\Pipeline->Illuminate\\Pipeline\\{closure}(Object(Illuminate\\Http\\Request))
#38 C:\\Users\\wiran\\Desktop\\anakhebat\\vendor\\laravel\\framework\\src\\Illuminate\\Foundation\\Http\\Kernel.php(175): Illuminate\\Pipeline\\Pipeline->then(Object(Closure))
#39 C:\\Users\\wiran\\Desktop\\anakhebat\\vendor\\laravel\\framework\\src\\Illuminate\\Foundation\\Http\\Kernel.php(144): Illuminate\\Foundation\\Http\\Kernel->sendRequestThroughRouter(Object(Illuminate\\Http\\Request))
#40 C:\\Users\\wiran\\Desktop\\anakhebat\\public\\index.php(51): Illuminate\\Foundation\\Http\\Kernel->handle(Object(Illuminate\\Http\\Request))
#41 C:\\Users\\wiran\\Desktop\\anakhebat\\vendor\\laravel\\framework\\src\\Illuminate\\Foundation\\resources\\server.php(16): require_once('C:\\\\Users\\\\wiran\\\\...')
#42 {main}
"} 
[2024-04-05 08:28:17] local.ERROR: SQLSTATE[HY000]: General error: 1364 Field 'nomor_unit' doesn't have a default value (Connection: mysql, SQL: insert into `mitras` (`updated_at`, `created_at`) values (2024-04-05 08:28:17, 2024-04-05 08:28:17)) {"userId":1,"exception":"[object] (Illuminate\\Database\\QueryException(code: HY000): SQLSTATE[HY000]: General error: 1364 Field 'nomor_unit' doesn't have a default value (Connection: mysql, SQL: insert into `mitras` (`updated_at`, `created_at`) values (2024-04-05 08:28:17, 2024-04-05 08:28:17)) at C:\\Users\\wiran\\Desktop\\anakhebat\\vendor\\laravel\\framework\\src\\Illuminate\\Database\\Connection.php:829)
[stacktrace]
#0 C:\\Users\\wiran\\Desktop\\anakhebat\\vendor\\laravel\\framework\\src\\Illuminate\\Database\\Connection.php(783): Illuminate\\Database\\Connection->runQueryCallback('insert into `mi...', Array, Object(Closure))
#1 C:\\Users\\wiran\\Desktop\\anakhebat\\vendor\\laravel\\framework\\src\\Illuminate\\Database\\Connection.php(576): Illuminate\\Database\\Connection->run('insert into `mi...', Array, Object(Closure))
#2 C:\\Users\\wiran\\Desktop\\anakhebat\\vendor\\laravel\\framework\\src\\Illuminate\\Database\\Connection.php(540): Illuminate\\Database\\Connection->statement('insert into `mi...', Array)
#3 C:\\Users\\wiran\\Desktop\\anakhebat\\vendor\\laravel\\framework\\src\\Illuminate\\Database\\Query\\Processors\\Processor.php(32): Illuminate\\Database\\Connection->insert('insert into `mi...', Array)
#4 C:\\Users\\wiran\\Desktop\\anakhebat\\vendor\\laravel\\framework\\src\\Illuminate\\Database\\Query\\Builder.php(3507): Illuminate\\Database\\Query\\Processors\\Processor->processInsertGetId(Object(Illuminate\\Database\\Query\\Builder), 'insert into `mi...', Array, 'id')
#5 C:\\Users\\wiran\\Desktop\\anakhebat\\vendor\\laravel\\framework\\src\\Illuminate\\Database\\Eloquent\\Builder.php(1969): Illuminate\\Database\\Query\\Builder->insertGetId(Array, 'id')
#6 C:\\Users\\wiran\\Desktop\\anakhebat\\vendor\\laravel\\framework\\src\\Illuminate\\Database\\Eloquent\\Model.php(1333): Illuminate\\Database\\Eloquent\\Builder->__call('insertGetId', Array)
#7 C:\\Users\\wiran\\Desktop\\anakhebat\\vendor\\laravel\\framework\\src\\Illuminate\\Database\\Eloquent\\Model.php(1298): Illuminate\\Database\\Eloquent\\Model->insertAndSetId(Object(Illuminate\\Database\\Eloquent\\Builder), Array)
#8 C:\\Users\\wiran\\Desktop\\anakhebat\\vendor\\laravel\\framework\\src\\Illuminate\\Database\\Eloquent\\Model.php(1137): Illuminate\\Database\\Eloquent\\Model->performInsert(Object(Illuminate\\Database\\Eloquent\\Builder))
#9 C:\\Users\\wiran\\Desktop\\anakhebat\\vendor\\laravel\\framework\\src\\Illuminate\\Database\\Eloquent\\Builder.php(1024): Illuminate\\Database\\Eloquent\\Model->save()
#10 C:\\Users\\wiran\\Desktop\\anakhebat\\vendor\\laravel\\framework\\src\\Illuminate\\Support\\helpers.php(307): Illuminate\\Database\\Eloquent\\Builder->Illuminate\\Database\\Eloquent\\{closure}(Object(App\\Models\\Mitra))
#11 C:\\Users\\wiran\\Desktop\\anakhebat\\vendor\\laravel\\framework\\src\\Illuminate\\Database\\Eloquent\\Builder.php(1023): tap(Object(App\\Models\\Mitra), Object(Closure))
#12 C:\\Users\\wiran\\Desktop\\anakhebat\\vendor\\laravel\\framework\\src\\Illuminate\\Support\\Traits\\ForwardsCalls.php(23): Illuminate\\Database\\Eloquent\\Builder->create(Array)
#13 C:\\Users\\wiran\\Desktop\\anakhebat\\vendor\\laravel\\framework\\src\\Illuminate\\Database\\Eloquent\\Model.php(2334): Illuminate\\Database\\Eloquent\\Model->forwardCallTo(Object(Illuminate\\Database\\Eloquent\\Builder), 'create', Array)
#14 C:\\Users\\wiran\\Desktop\\anakhebat\\vendor\\laravel\\framework\\src\\Illuminate\\Database\\Eloquent\\Model.php(2346): Illuminate\\Database\\Eloquent\\Model->__call('create', Array)
#15 C:\\Users\\wiran\\Desktop\\anakhebat\\vendor\\filament\\filament\\src\\Resources\\Pages\\CreateRecord.php(132): Illuminate\\Database\\Eloquent\\Model::__callStatic('create', Array)
#16 C:\\Users\\wiran\\Desktop\\anakhebat\\vendor\\filament\\filament\\src\\Resources\\Pages\\CreateRecord.php(75): Filament\\Resources\\Pages\\CreateRecord->handleRecordCreation(Array)
#17 C:\\Users\\wiran\\Desktop\\anakhebat\\vendor\\laravel\\framework\\src\\Illuminate\\Container\\BoundMethod.php(36): Filament\\Resources\\Pages\\CreateRecord->create(false)
#18 C:\\Users\\wiran\\Desktop\\anakhebat\\vendor\\laravel\\framework\\src\\Illuminate\\Container\\Util.php(41): Illuminate\\Container\\BoundMethod::Illuminate\\Container\\{closure}()
#19 C:\\Users\\wiran\\Desktop\\anakhebat\\vendor\\laravel\\framework\\src\\Illuminate\\Container\\BoundMethod.php(93): Illuminate\\Container\\Util::unwrapIfClosure(Object(Closure))
#20 C:\\Users\\wiran\\Desktop\\anakhebat\\vendor\\laravel\\framework\\src\\Illuminate\\Container\\BoundMethod.php(35): Illuminate\\Container\\BoundMethod::callBoundMethod(Object(Illuminate\\Foundation\\Application), Array, Object(Closure))
#21 C:\\Users\\wiran\\Desktop\\anakhebat\\vendor\\livewire\\livewire\\src\\ComponentConcerns\\HandlesActions.php(149): Illuminate\\Container\\BoundMethod::call(Object(Illuminate\\Foundation\\Application), Array, Array)
#22 C:\\Users\\wiran\\Desktop\\anakhebat\\vendor\\livewire\\livewire\\src\\HydrationMiddleware\\PerformActionCalls.php(36): Livewire\\Component->callMethod('create', Array, Object(Closure))
#23 C:\\Users\\wiran\\Desktop\\anakhebat\\vendor\\livewire\\livewire\\src\\LifecycleManager.php(89): Livewire\\HydrationMiddleware\\PerformActionCalls::hydrate(Object(App\\Filament\\Resources\\MitraResource\\Pages\\CreateMitra), Object(Livewire\\Request))
#24 C:\\Users\\wiran\\Desktop\\anakhebat\\vendor\\livewire\\livewire\\src\\Connection\\ConnectionHandler.php(13): Livewire\\LifecycleManager->hydrate()
#25 C:\\Users\\wiran\\Desktop\\anakhebat\\vendor\\livewire\\livewire\\src\\Controllers\\HttpConnectionHandler.php(19): Livewire\\Connection\\ConnectionHandler->handle(Array)
#26 C:\\Users\\wiran\\Desktop\\anakhebat\\vendor\\laravel\\framework\\src\\Illuminate\\Routing\\ControllerDispatcher.php(46): Livewire\\Controllers\\HttpConnectionHandler->__invoke('app.filament.re...')
#27 C:\\Users\\wiran\\Desktop\\anakhebat\\vendor\\laravel\\framework\\src\\Illuminate\\Routing\\Route.php(259): Illuminate\\Routing\\ControllerDispatcher->dispatch(Object(Illuminate\\Routing\\Route), Object(Livewire\\Controllers\\HttpConnectionHandler), '__invoke')
#28 C:\\Users\\wiran\\Desktop\\anakhebat\\vendor\\laravel\\framework\\src\\Illuminate\\Routing\\Route.php(205): Illuminate\\Routing\\Route->runController()
#29 C:\\Users\\wiran\\Desktop\\anakhebat\\vendor\\laravel\\framework\\src\\Illuminate\\Routing\\Router.php(806): Illuminate\\Routing\\Route->run()
#30 C:\\Users\\wiran\\Desktop\\anakhebat\\vendor\\laravel\\framework\\src\\Illuminate\\Pipeline\\Pipeline.php(144): Illuminate\\Routing\\Router->Illuminate\\Routing\\{closure}(Object(Illuminate\\Http\\Request))
#31 C:\\Users\\wiran\\Desktop\\anakhebat\\vendor\\laravel\\framework\\src\\Illuminate\\Routing\\Middleware\\SubstituteBindings.php(50): Illuminate\\Pipeline\\Pipeline->Illuminate\\Pipeline\\{closure}(Object(Illuminate\\Http\\Request))
#32 C:\\Users\\wiran\\Desktop\\anakhebat\\vendor\\laravel\\framework\\src\\Illuminate\\Pipeline\\Pipeline.php(183): Illuminate\\Routing\\Middleware\\SubstituteBindings->handle(Object(Illuminate\\Http\\Request), Object(Closure))
#33 C:\\Users\\wiran\\Desktop\\anakhebat\\vendor\\laravel\\framework\\src\\Illuminate\\Foundation\\Http\\Middleware\\VerifyCsrfToken.php(78): Illuminate\\Pipeline\\Pipeline->Illuminate\\Pipeline\\{closure}(Object(Illuminate\\Http\\Request))
#34 C:\\Users\\wiran\\Desktop\\anakhebat\\vendor\\laravel\\framework\\src\\Illuminate\\Pipeline\\Pipeline.php(183): Illuminate\\Foundation\\Http\\Middleware\\VerifyCsrfToken->handle(Object(Illuminate\\Http\\Request), Object(Closure))
#35 C:\\Users\\wiran\\Desktop\\anakhebat\\vendor\\laravel\\framework\\src\\Illuminate\\View\\Middleware\\ShareErrorsFromSession.php(49): Illuminate\\Pipeline\\Pipeline->Illuminate\\Pipeline\\{closure}(Object(Illuminate\\Http\\Request))
#36 C:\\Users\\wiran\\Desktop\\anakhebat\\vendor\\laravel\\framework\\src\\Illuminate\\Pipeline\\Pipeline.php(183): Illuminate\\View\\Middleware\\ShareErrorsFromSession->handle(Object(Illuminate\\Http\\Request), Object(Closure))
#37 C:\\Users\\wiran\\Desktop\\anakhebat\\vendor\\laravel\\framework\\src\\Illuminate\\Session\\Middleware\\StartSession.php(121): Illuminate\\Pipeline\\Pipeline->Illuminate\\Pipeline\\{closure}(Object(Illuminate\\Http\\Request))
#38 C:\\Users\\wiran\\Desktop\\anakhebat\\vendor\\laravel\\framework\\src\\Illuminate\\Session\\Middleware\\StartSession.php(64): Illuminate\\Session\\Middleware\\StartSession->handleStatefulRequest(Object(Illuminate\\Http\\Request), Object(Illuminate\\Session\\Store), Object(Closure))
#39 C:\\Users\\wiran\\Desktop\\anakhebat\\vendor\\laravel\\framework\\src\\Illuminate\\Pipeline\\Pipeline.php(183): Illuminate\\Session\\Middleware\\StartSession->handle(Object(Illuminate\\Http\\Request), Object(Closure))
#40 C:\\Users\\wiran\\Desktop\\anakhebat\\vendor\\laravel\\framework\\src\\Illuminate\\Cookie\\Middleware\\AddQueuedCookiesToResponse.php(37): Illuminate\\Pipeline\\Pipeline->Illuminate\\Pipeline\\{closure}(Object(Illuminate\\Http\\Request))
#41 C:\\Users\\wiran\\Desktop\\anakhebat\\vendor\\laravel\\framework\\src\\Illuminate\\Pipeline\\Pipeline.php(183): Illuminate\\Cookie\\Middleware\\AddQueuedCookiesToResponse->handle(Object(Illuminate\\Http\\Request), Object(Closure))
#42 C:\\Users\\wiran\\Desktop\\anakhebat\\vendor\\laravel\\framework\\src\\Illuminate\\Cookie\\Middleware\\EncryptCookies.php(67): Illuminate\\Pipeline\\Pipeline->Illuminate\\Pipeline\\{closure}(Object(Illuminate\\Http\\Request))
#43 C:\\Users\\wiran\\Desktop\\anakhebat\\vendor\\laravel\\framework\\src\\Illuminate\\Pipeline\\Pipeline.php(183): Illuminate\\Cookie\\Middleware\\EncryptCookies->handle(Object(Illuminate\\Http\\Request), Object(Closure))
#44 C:\\Users\\wiran\\Desktop\\anakhebat\\vendor\\laravel\\framework\\src\\Illuminate\\Pipeline\\Pipeline.php(119): Illuminate\\Pipeline\\Pipeline->Illuminate\\Pipeline\\{closure}(Object(Illuminate\\Http\\Request))
#45 C:\\Users\\wiran\\Desktop\\anakhebat\\vendor\\laravel\\framework\\src\\Illuminate\\Routing\\Router.php(805): Illuminate\\Pipeline\\Pipeline->then(Object(Closure))
#46 C:\\Users\\wiran\\Desktop\\anakhebat\\vendor\\laravel\\framework\\src\\Illuminate\\Routing\\Router.php(784): Illuminate\\Routing\\Router->runRouteWithinStack(Object(Illuminate\\Routing\\Route), Object(Illuminate\\Http\\Request))
#47 C:\\Users\\wiran\\Desktop\\anakhebat\\vendor\\laravel\\framework\\src\\Illuminate\\Routing\\Router.php(748): Illuminate\\Routing\\Router->runRoute(Object(Illuminate\\Http\\Request), Object(Illuminate\\Routing\\Route))
#48 C:\\Users\\wiran\\Desktop\\anakhebat\\vendor\\laravel\\framework\\src\\Illuminate\\Routing\\Router.php(737): Illuminate\\Routing\\Router->dispatchToRoute(Object(Illuminate\\Http\\Request))
#49 C:\\Users\\wiran\\Desktop\\anakhebat\\vendor\\laravel\\framework\\src\\Illuminate\\Foundation\\Http\\Kernel.php(200): Illuminate\\Routing\\Router->dispatch(Object(Illuminate\\Http\\Request))
#50 C:\\Users\\wiran\\Desktop\\anakhebat\\vendor\\laravel\\framework\\src\\Illuminate\\Pipeline\\Pipeline.php(144): Illuminate\\Foundation\\Http\\Kernel->Illuminate\\Foundation\\Http\\{closure}(Object(Illuminate\\Http\\Request))
#51 C:\\Users\\wiran\\Desktop\\anakhebat\\vendor\\livewire\\livewire\\src\\DisableBrowserCache.php(19): Illuminate\\Pipeline\\Pipeline->Illuminate\\Pipeline\\{closure}(Object(Illuminate\\Http\\Request))
#52 C:\\Users\\wiran\\Desktop\\anakhebat\\vendor\\laravel\\framework\\src\\Illuminate\\Pipeline\\Pipeline.php(183): Livewire\\DisableBrowserCache->handle(Object(Illuminate\\Http\\Request), Object(Closure))
#53 C:\\Users\\wiran\\Desktop\\anakhebat\\vendor\\laravel\\framework\\src\\Illuminate\\Foundation\\Http\\Middleware\\ConvertEmptyStringsToNull.php(27): Illuminate\\Pipeline\\Pipeline->Illuminate\\Pipeline\\{closure}(Object(Illuminate\\Http\\Request))
#54 C:\\Users\\wiran\\Desktop\\anakhebat\\vendor\\laravel\\framework\\src\\Illuminate\\Pipeline\\Pipeline.php(183): Illuminate\\Foundation\\Http\\Middleware\\ConvertEmptyStringsToNull->handle(Object(Illuminate\\Http\\Request), Object(Closure))
#55 C:\\Users\\wiran\\Desktop\\anakhebat\\vendor\\laravel\\framework\\src\\Illuminate\\Foundation\\Http\\Middleware\\TrimStrings.php(36): Illuminate\\Pipeline\\Pipeline->Illuminate\\Pipeline\\{closure}(Object(Illuminate\\Http\\Request))
#56 C:\\Users\\wiran\\Desktop\\anakhebat\\vendor\\laravel\\framework\\src\\Illuminate\\Pipeline\\Pipeline.php(183): Illuminate\\Foundation\\Http\\Middleware\\TrimStrings->handle(Object(Illuminate\\Http\\Request), Object(Closure))
#57 C:\\Users\\wiran\\Desktop\\anakhebat\\vendor\\laravel\\framework\\src\\Illuminate\\Foundation\\Http\\Middleware\\ValidatePostSize.php(27): Illuminate\\Pipeline\\Pipeline->Illuminate\\Pipeline\\{closure}(Object(Illuminate\\Http\\Request))
#58 C:\\Users\\wiran\\Desktop\\anakhebat\\vendor\\laravel\\framework\\src\\Illuminate\\Pipeline\\Pipeline.php(183): Illuminate\\Foundation\\Http\\Middleware\\ValidatePostSize->handle(Object(Illuminate\\Http\\Request), Object(Closure))
#59 C:\\Users\\wiran\\Desktop\\anakhebat\\vendor\\laravel\\framework\\src\\Illuminate\\Foundation\\Http\\Middleware\\PreventRequestsDuringMaintenance.php(99): Illuminate\\Pipeline\\Pipeline->Illuminate\\Pipeline\\{closure}(Object(Illuminate\\Http\\Request))
#60 C:\\Users\\wiran\\Desktop\\anakhebat\\vendor\\laravel\\framework\\src\\Illuminate\\Pipeline\\Pipeline.php(183): Illuminate\\Foundation\\Http\\Middleware\\PreventRequestsDuringMaintenance->handle(Object(Illuminate\\Http\\Request), Object(Closure))
#61 C:\\Users\\wiran\\Desktop\\anakhebat\\vendor\\laravel\\framework\\src\\Illuminate\\Http\\Middleware\\HandleCors.php(49): Illuminate\\Pipeline\\Pipeline->Illuminate\\Pipeline\\{closure}(Object(Illuminate\\Http\\Request))
#62 C:\\Users\\wiran\\Desktop\\anakhebat\\vendor\\laravel\\framework\\src\\Illuminate\\Pipeline\\Pipeline.php(183): Illuminate\\Http\\Middleware\\HandleCors->handle(Object(Illuminate\\Http\\Request), Object(Closure))
#63 C:\\Users\\wiran\\Desktop\\anakhebat\\vendor\\laravel\\framework\\src\\Illuminate\\Http\\Middleware\\TrustProxies.php(39): Illuminate\\Pipeline\\Pipeline->Illuminate\\Pipeline\\{closure}(Object(Illuminate\\Http\\Request))
#64 C:\\Users\\wiran\\Desktop\\anakhebat\\vendor\\laravel\\framework\\src\\Illuminate\\Pipeline\\Pipeline.php(183): Illuminate\\Http\\Middleware\\TrustProxies->handle(Object(Illuminate\\Http\\Request), Object(Closure))
#65 C:\\Users\\wiran\\Desktop\\anakhebat\\vendor\\laravel\\framework\\src\\Illuminate\\Pipeline\\Pipeline.php(119): Illuminate\\Pipeline\\Pipeline->Illuminate\\Pipeline\\{closure}(Object(Illuminate\\Http\\Request))
#66 C:\\Users\\wiran\\Desktop\\anakhebat\\vendor\\laravel\\framework\\src\\Illuminate\\Foundation\\Http\\Kernel.php(175): Illuminate\\Pipeline\\Pipeline->then(Object(Closure))
#67 C:\\Users\\wiran\\Desktop\\anakhebat\\vendor\\laravel\\framework\\src\\Illuminate\\Foundation\\Http\\Kernel.php(144): Illuminate\\Foundation\\Http\\Kernel->sendRequestThroughRouter(Object(Illuminate\\Http\\Request))
#68 C:\\Users\\wiran\\Desktop\\anakhebat\\public\\index.php(51): Illuminate\\Foundation\\Http\\Kernel->handle(Object(Illuminate\\Http\\Request))
#69 C:\\Users\\wiran\\Desktop\\anakhebat\\vendor\\laravel\\framework\\src\\Illuminate\\Foundation\\resources\\server.php(16): require_once('C:\\\\Users\\\\wiran\\\\...')
#70 {main}

[previous exception] [object] (PDOException(code: HY000): SQLSTATE[HY000]: General error: 1364 Field 'nomor_unit' doesn't have a default value at C:\\Users\\wiran\\Desktop\\anakhebat\\vendor\\laravel\\framework\\src\\Illuminate\\Database\\Connection.php:587)
[stacktrace]
#0 C:\\Users\\wiran\\Desktop\\anakhebat\\vendor\\laravel\\framework\\src\\Illuminate\\Database\\Connection.php(587): PDOStatement->execute()
#1 C:\\Users\\wiran\\Desktop\\anakhebat\\vendor\\laravel\\framework\\src\\Illuminate\\Database\\Connection.php(816): Illuminate\\Database\\Connection->Illuminate\\Database\\{closure}('insert into `mi...', Array)
#2 C:\\Users\\wiran\\Desktop\\anakhebat\\vendor\\laravel\\framework\\src\\Illuminate\\Database\\Connection.php(783): Illuminate\\Database\\Connection->runQueryCallback('insert into `mi...', Array, Object(Closure))
#3 C:\\Users\\wiran\\Desktop\\anakhebat\\vendor\\laravel\\framework\\src\\Illuminate\\Database\\Connection.php(576): Illuminate\\Database\\Connection->run('insert into `mi...', Array, Object(Closure))
#4 C:\\Users\\wiran\\Desktop\\anakhebat\\vendor\\laravel\\framework\\src\\Illuminate\\Database\\Connection.php(540): Illuminate\\Database\\Connection->statement('insert into `mi...', Array)
#5 C:\\Users\\wiran\\Desktop\\anakhebat\\vendor\\laravel\\framework\\src\\Illuminate\\Database\\Query\\Processors\\Processor.php(32): Illuminate\\Database\\Connection->insert('insert into `mi...', Array)
#6 C:\\Users\\wiran\\Desktop\\anakhebat\\vendor\\laravel\\framework\\src\\Illuminate\\Database\\Query\\Builder.php(3507): Illuminate\\Database\\Query\\Processors\\Processor->processInsertGetId(Object(Illuminate\\Database\\Query\\Builder), 'insert into `mi...', Array, 'id')
#7 C:\\Users\\wiran\\Desktop\\anakhebat\\vendor\\laravel\\framework\\src\\Illuminate\\Database\\Eloquent\\Builder.php(1969): Illuminate\\Database\\Query\\Builder->insertGetId(Array, 'id')
#8 C:\\Users\\wiran\\Desktop\\anakhebat\\vendor\\laravel\\framework\\src\\Illuminate\\Database\\Eloquent\\Model.php(1333): Illuminate\\Database\\Eloquent\\Builder->__call('insertGetId', Array)
#9 C:\\Users\\wiran\\Desktop\\anakhebat\\vendor\\laravel\\framework\\src\\Illuminate\\Database\\Eloquent\\Model.php(1298): Illuminate\\Database\\Eloquent\\Model->insertAndSetId(Object(Illuminate\\Database\\Eloquent\\Builder), Array)
#10 C:\\Users\\wiran\\Desktop\\anakhebat\\vendor\\laravel\\framework\\src\\Illuminate\\Database\\Eloquent\\Model.php(1137): Illuminate\\Database\\Eloquent\\Model->performInsert(Object(Illuminate\\Database\\Eloquent\\Builder))
#11 C:\\Users\\wiran\\Desktop\\anakhebat\\vendor\\laravel\\framework\\src\\Illuminate\\Database\\Eloquent\\Builder.php(1024): Illuminate\\Database\\Eloquent\\Model->save()
#12 C:\\Users\\wiran\\Desktop\\anakhebat\\vendor\\laravel\\framework\\src\\Illuminate\\Support\\helpers.php(307): Illuminate\\Database\\Eloquent\\Builder->Illuminate\\Database\\Eloquent\\{closure}(Object(App\\Models\\Mitra))
#13 C:\\Users\\wiran\\Desktop\\anakhebat\\vendor\\laravel\\framework\\src\\Illuminate\\Database\\Eloquent\\Builder.php(1023): tap(Object(App\\Models\\Mitra), Object(Closure))
#14 C:\\Users\\wiran\\Desktop\\anakhebat\\vendor\\laravel\\framework\\src\\Illuminate\\Support\\Traits\\ForwardsCalls.php(23): Illuminate\\Database\\Eloquent\\Builder->create(Array)
#15 C:\\Users\\wiran\\Desktop\\anakhebat\\vendor\\laravel\\framework\\src\\Illuminate\\Database\\Eloquent\\Model.php(2334): Illuminate\\Database\\Eloquent\\Model->forwardCallTo(Object(Illuminate\\Database\\Eloquent\\Builder), 'create', Array)
#16 C:\\Users\\wiran\\Desktop\\anakhebat\\vendor\\laravel\\framework\\src\\Illuminate\\Database\\Eloquent\\Model.php(2346): Illuminate\\Database\\Eloquent\\Model->__call('create', Array)
#17 C:\\Users\\wiran\\Desktop\\anakhebat\\vendor\\filament\\filament\\src\\Resources\\Pages\\CreateRecord.php(132): Illuminate\\Database\\Eloquent\\Model::__callStatic('create', Array)
#18 C:\\Users\\wiran\\Desktop\\anakhebat\\vendor\\filament\\filament\\src\\Resources\\Pages\\CreateRecord.php(75): Filament\\Resources\\Pages\\CreateRecord->handleRecordCreation(Array)
#19 C:\\Users\\wiran\\Desktop\\anakhebat\\vendor\\laravel\\framework\\src\\Illuminate\\Container\\BoundMethod.php(36): Filament\\Resources\\Pages\\CreateRecord->create(false)
#20 C:\\Users\\wiran\\Desktop\\anakhebat\\vendor\\laravel\\framework\\src\\Illuminate\\Container\\Util.php(41): Illuminate\\Container\\BoundMethod::Illuminate\\Container\\{closure}()
#21 C:\\Users\\wiran\\Desktop\\anakhebat\\vendor\\laravel\\framework\\src\\Illuminate\\Container\\BoundMethod.php(93): Illuminate\\Container\\Util::unwrapIfClosure(Object(Closure))
#22 C:\\Users\\wiran\\Desktop\\anakhebat\\vendor\\laravel\\framework\\src\\Illuminate\\Container\\BoundMethod.php(35): Illuminate\\Container\\BoundMethod::callBoundMethod(Object(Illuminate\\Foundation\\Application), Array, Object(Closure))
#23 C:\\Users\\wiran\\Desktop\\anakhebat\\vendor\\livewire\\livewire\\src\\ComponentConcerns\\HandlesActions.php(149): Illuminate\\Container\\BoundMethod::call(Object(Illuminate\\Foundation\\Application), Array, Array)
#24 C:\\Users\\wiran\\Desktop\\anakhebat\\vendor\\livewire\\livewire\\src\\HydrationMiddleware\\PerformActionCalls.php(36): Livewire\\Component->callMethod('create', Array, Object(Closure))
#25 C:\\Users\\wiran\\Desktop\\anakhebat\\vendor\\livewire\\livewire\\src\\LifecycleManager.php(89): Livewire\\HydrationMiddleware\\PerformActionCalls::hydrate(Object(App\\Filament\\Resources\\MitraResource\\Pages\\CreateMitra), Object(Livewire\\Request))
#26 C:\\Users\\wiran\\Desktop\\anakhebat\\vendor\\livewire\\livewire\\src\\Connection\\ConnectionHandler.php(13): Livewire\\LifecycleManager->hydrate()
#27 C:\\Users\\wiran\\Desktop\\anakhebat\\vendor\\livewire\\livewire\\src\\Controllers\\HttpConnectionHandler.php(19): Livewire\\Connection\\ConnectionHandler->handle(Array)
#28 C:\\Users\\wiran\\Desktop\\anakhebat\\vendor\\laravel\\framework\\src\\Illuminate\\Routing\\ControllerDispatcher.php(46): Livewire\\Controllers\\HttpConnectionHandler->__invoke('app.filament.re...')
#29 C:\\Users\\wiran\\Desktop\\anakhebat\\vendor\\laravel\\framework\\src\\Illuminate\\Routing\\Route.php(259): Illuminate\\Routing\\ControllerDispatcher->dispatch(Object(Illuminate\\Routing\\Route), Object(Livewire\\Controllers\\HttpConnectionHandler), '__invoke')
#30 C:\\Users\\wiran\\Desktop\\anakhebat\\vendor\\laravel\\framework\\src\\Illuminate\\Routing\\Route.php(205): Illuminate\\Routing\\Route->runController()
#31 C:\\Users\\wiran\\Desktop\\anakhebat\\vendor\\laravel\\framework\\src\\Illuminate\\Routing\\Router.php(806): Illuminate\\Routing\\Route->run()
#32 C:\\Users\\wiran\\Desktop\\anakhebat\\vendor\\laravel\\framework\\src\\Illuminate\\Pipeline\\Pipeline.php(144): Illuminate\\Routing\\Router->Illuminate\\Routing\\{closure}(Object(Illuminate\\Http\\Request))
#33 C:\\Users\\wiran\\Desktop\\anakhebat\\vendor\\laravel\\framework\\src\\Illuminate\\Routing\\Middleware\\SubstituteBindings.php(50): Illuminate\\Pipeline\\Pipeline->Illuminate\\Pipeline\\{closure}(Object(Illuminate\\Http\\Request))
#34 C:\\Users\\wiran\\Desktop\\anakhebat\\vendor\\laravel\\framework\\src\\Illuminate\\Pipeline\\Pipeline.php(183): Illuminate\\Routing\\Middleware\\SubstituteBindings->handle(Object(Illuminate\\Http\\Request), Object(Closure))
#35 C:\\Users\\wiran\\Desktop\\anakhebat\\vendor\\laravel\\framework\\src\\Illuminate\\Foundation\\Http\\Middleware\\VerifyCsrfToken.php(78): Illuminate\\Pipeline\\Pipeline->Illuminate\\Pipeline\\{closure}(Object(Illuminate\\Http\\Request))
#36 C:\\Users\\wiran\\Desktop\\anakhebat\\vendor\\laravel\\framework\\src\\Illuminate\\Pipeline\\Pipeline.php(183): Illuminate\\Foundation\\Http\\Middleware\\VerifyCsrfToken->handle(Object(Illuminate\\Http\\Request), Object(Closure))
#37 C:\\Users\\wiran\\Desktop\\anakhebat\\vendor\\laravel\\framework\\src\\Illuminate\\View\\Middleware\\ShareErrorsFromSession.php(49): Illuminate\\Pipeline\\Pipeline->Illuminate\\Pipeline\\{closure}(Object(Illuminate\\Http\\Request))
#38 C:\\Users\\wiran\\Desktop\\anakhebat\\vendor\\laravel\\framework\\src\\Illuminate\\Pipeline\\Pipeline.php(183): Illuminate\\View\\Middleware\\ShareErrorsFromSession->handle(Object(Illuminate\\Http\\Request), Object(Closure))
#39 C:\\Users\\wiran\\Desktop\\anakhebat\\vendor\\laravel\\framework\\src\\Illuminate\\Session\\Middleware\\StartSession.php(121): Illuminate\\Pipeline\\Pipeline->Illuminate\\Pipeline\\{closure}(Object(Illuminate\\Http\\Request))
#40 C:\\Users\\wiran\\Desktop\\anakhebat\\vendor\\laravel\\framework\\src\\Illuminate\\Session\\Middleware\\StartSession.php(64): Illuminate\\Session\\Middleware\\StartSession->handleStatefulRequest(Object(Illuminate\\Http\\Request), Object(Illuminate\\Session\\Store), Object(Closure))
#41 C:\\Users\\wiran\\Desktop\\anakhebat\\vendor\\laravel\\framework\\src\\Illuminate\\Pipeline\\Pipeline.php(183): Illuminate\\Session\\Middleware\\StartSession->handle(Object(Illuminate\\Http\\Request), Object(Closure))
#42 C:\\Users\\wiran\\Desktop\\anakhebat\\vendor\\laravel\\framework\\src\\Illuminate\\Cookie\\Middleware\\AddQueuedCookiesToResponse.php(37): Illuminate\\Pipeline\\Pipeline->Illuminate\\Pipeline\\{closure}(Object(Illuminate\\Http\\Request))
#43 C:\\Users\\wiran\\Desktop\\anakhebat\\vendor\\laravel\\framework\\src\\Illuminate\\Pipeline\\Pipeline.php(183): Illuminate\\Cookie\\Middleware\\AddQueuedCookiesToResponse->handle(Object(Illuminate\\Http\\Request), Object(Closure))
#44 C:\\Users\\wiran\\Desktop\\anakhebat\\vendor\\laravel\\framework\\src\\Illuminate\\Cookie\\Middleware\\EncryptCookies.php(67): Illuminate\\Pipeline\\Pipeline->Illuminate\\Pipeline\\{closure}(Object(Illuminate\\Http\\Request))
#45 C:\\Users\\wiran\\Desktop\\anakhebat\\vendor\\laravel\\framework\\src\\Illuminate\\Pipeline\\Pipeline.php(183): Illuminate\\Cookie\\Middleware\\EncryptCookies->handle(Object(Illuminate\\Http\\Request), Object(Closure))
#46 C:\\Users\\wiran\\Desktop\\anakhebat\\vendor\\laravel\\framework\\src\\Illuminate\\Pipeline\\Pipeline.php(119): Illuminate\\Pipeline\\Pipeline->Illuminate\\Pipeline\\{closure}(Object(Illuminate\\Http\\Request))
#47 C:\\Users\\wiran\\Desktop\\anakhebat\\vendor\\laravel\\framework\\src\\Illuminate\\Routing\\Router.php(805): Illuminate\\Pipeline\\Pipeline->then(Object(Closure))
#48 C:\\Users\\wiran\\Desktop\\anakhebat\\vendor\\laravel\\framework\\src\\Illuminate\\Routing\\Router.php(784): Illuminate\\Routing\\Router->runRouteWithinStack(Object(Illuminate\\Routing\\Route), Object(Illuminate\\Http\\Request))
#49 C:\\Users\\wiran\\Desktop\\anakhebat\\vendor\\laravel\\framework\\src\\Illuminate\\Routing\\Router.php(748): Illuminate\\Routing\\Router->runRoute(Object(Illuminate\\Http\\Request), Object(Illuminate\\Routing\\Route))
#50 C:\\Users\\wiran\\Desktop\\anakhebat\\vendor\\laravel\\framework\\src\\Illuminate\\Routing\\Router.php(737): Illuminate\\Routing\\Router->dispatchToRoute(Object(Illuminate\\Http\\Request))
#51 C:\\Users\\wiran\\Desktop\\anakhebat\\vendor\\laravel\\framework\\src\\Illuminate\\Foundation\\Http\\Kernel.php(200): Illuminate\\Routing\\Router->dispatch(Object(Illuminate\\Http\\Request))
#52 C:\\Users\\wiran\\Desktop\\anakhebat\\vendor\\laravel\\framework\\src\\Illuminate\\Pipeline\\Pipeline.php(144): Illuminate\\Foundation\\Http\\Kernel->Illuminate\\Foundation\\Http\\{closure}(Object(Illuminate\\Http\\Request))
#53 C:\\Users\\wiran\\Desktop\\anakhebat\\vendor\\livewire\\livewire\\src\\DisableBrowserCache.php(19): Illuminate\\Pipeline\\Pipeline->Illuminate\\Pipeline\\{closure}(Object(Illuminate\\Http\\Request))
#54 C:\\Users\\wiran\\Desktop\\anakhebat\\vendor\\laravel\\framework\\src\\Illuminate\\Pipeline\\Pipeline.php(183): Livewire\\DisableBrowserCache->handle(Object(Illuminate\\Http\\Request), Object(Closure))
#55 C:\\Users\\wiran\\Desktop\\anakhebat\\vendor\\laravel\\framework\\src\\Illuminate\\Foundation\\Http\\Middleware\\ConvertEmptyStringsToNull.php(27): Illuminate\\Pipeline\\Pipeline->Illuminate\\Pipeline\\{closure}(Object(Illuminate\\Http\\Request))
#56 C:\\Users\\wiran\\Desktop\\anakhebat\\vendor\\laravel\\framework\\src\\Illuminate\\Pipeline\\Pipeline.php(183): Illuminate\\Foundation\\Http\\Middleware\\ConvertEmptyStringsToNull->handle(Object(Illuminate\\Http\\Request), Object(Closure))
#57 C:\\Users\\wiran\\Desktop\\anakhebat\\vendor\\laravel\\framework\\src\\Illuminate\\Foundation\\Http\\Middleware\\TrimStrings.php(36): Illuminate\\Pipeline\\Pipeline->Illuminate\\Pipeline\\{closure}(Object(Illuminate\\Http\\Request))
#58 C:\\Users\\wiran\\Desktop\\anakhebat\\vendor\\laravel\\framework\\src\\Illuminate\\Pipeline\\Pipeline.php(183): Illuminate\\Foundation\\Http\\Middleware\\TrimStrings->handle(Object(Illuminate\\Http\\Request), Object(Closure))
#59 C:\\Users\\wiran\\Desktop\\anakhebat\\vendor\\laravel\\framework\\src\\Illuminate\\Foundation\\Http\\Middleware\\ValidatePostSize.php(27): Illuminate\\Pipeline\\Pipeline->Illuminate\\Pipeline\\{closure}(Object(Illuminate\\Http\\Request))
#60 C:\\Users\\wiran\\Desktop\\anakhebat\\vendor\\laravel\\framework\\src\\Illuminate\\Pipeline\\Pipeline.php(183): Illuminate\\Foundation\\Http\\Middleware\\ValidatePostSize->handle(Object(Illuminate\\Http\\Request), Object(Closure))
#61 C:\\Users\\wiran\\Desktop\\anakhebat\\vendor\\laravel\\framework\\src\\Illuminate\\Foundation\\Http\\Middleware\\PreventRequestsDuringMaintenance.php(99): Illuminate\\Pipeline\\Pipeline->Illuminate\\Pipeline\\{closure}(Object(Illuminate\\Http\\Request))
#62 C:\\Users\\wiran\\Desktop\\anakhebat\\vendor\\laravel\\framework\\src\\Illuminate\\Pipeline\\Pipeline.php(183): Illuminate\\Foundation\\Http\\Middleware\\PreventRequestsDuringMaintenance->handle(Object(Illuminate\\Http\\Request), Object(Closure))
#63 C:\\Users\\wiran\\Desktop\\anakhebat\\vendor\\laravel\\framework\\src\\Illuminate\\Http\\Middleware\\HandleCors.php(49): Illuminate\\Pipeline\\Pipeline->Illuminate\\Pipeline\\{closure}(Object(Illuminate\\Http\\Request))
#64 C:\\Users\\wiran\\Desktop\\anakhebat\\vendor\\laravel\\framework\\src\\Illuminate\\Pipeline\\Pipeline.php(183): Illuminate\\Http\\Middleware\\HandleCors->handle(Object(Illuminate\\Http\\Request), Object(Closure))
#65 C:\\Users\\wiran\\Desktop\\anakhebat\\vendor\\laravel\\framework\\src\\Illuminate\\Http\\Middleware\\TrustProxies.php(39): Illuminate\\Pipeline\\Pipeline->Illuminate\\Pipeline\\{closure}(Object(Illuminate\\Http\\Request))
#66 C:\\Users\\wiran\\Desktop\\anakhebat\\vendor\\laravel\\framework\\src\\Illuminate\\Pipeline\\Pipeline.php(183): Illuminate\\Http\\Middleware\\TrustProxies->handle(Object(Illuminate\\Http\\Request), Object(Closure))
#67 C:\\Users\\wiran\\Desktop\\anakhebat\\vendor\\laravel\\framework\\src\\Illuminate\\Pipeline\\Pipeline.php(119): Illuminate\\Pipeline\\Pipeline->Illuminate\\Pipeline\\{closure}(Object(Illuminate\\Http\\Request))
#68 C:\\Users\\wiran\\Desktop\\anakhebat\\vendor\\laravel\\framework\\src\\Illuminate\\Foundation\\Http\\Kernel.php(175): Illuminate\\Pipeline\\Pipeline->then(Object(Closure))
#69 C:\\Users\\wiran\\Desktop\\anakhebat\\vendor\\laravel\\framework\\src\\Illuminate\\Foundation\\Http\\Kernel.php(144): Illuminate\\Foundation\\Http\\Kernel->sendRequestThroughRouter(Object(Illuminate\\Http\\Request))
#70 C:\\Users\\wiran\\Desktop\\anakhebat\\public\\index.php(51): Illuminate\\Foundation\\Http\\Kernel->handle(Object(Illuminate\\Http\\Request))
#71 C:\\Users\\wiran\\Desktop\\anakhebat\\vendor\\laravel\\framework\\src\\Illuminate\\Foundation\\resources\\server.php(16): require_once('C:\\\\Users\\\\wiran\\\\...')
#72 {main}
"} 
[2024-04-05 08:28:24] local.ERROR: SQLSTATE[HY000]: General error: 1364 Field 'nomor_unit' doesn't have a default value (Connection: mysql, SQL: insert into `mitras` (`updated_at`, `created_at`) values (2024-04-05 08:28:24, 2024-04-05 08:28:24)) {"userId":1,"exception":"[object] (Illuminate\\Database\\QueryException(code: HY000): SQLSTATE[HY000]: General error: 1364 Field 'nomor_unit' doesn't have a default value (Connection: mysql, SQL: insert into `mitras` (`updated_at`, `created_at`) values (2024-04-05 08:28:24, 2024-04-05 08:28:24)) at C:\\Users\\wiran\\Desktop\\anakhebat\\vendor\\laravel\\framework\\src\\Illuminate\\Database\\Connection.php:829)
[stacktrace]
#0 C:\\Users\\wiran\\Desktop\\anakhebat\\vendor\\laravel\\framework\\src\\Illuminate\\Database\\Connection.php(783): Illuminate\\Database\\Connection->runQueryCallback('insert into `mi...', Array, Object(Closure))
#1 C:\\Users\\wiran\\Desktop\\anakhebat\\vendor\\laravel\\framework\\src\\Illuminate\\Database\\Connection.php(576): Illuminate\\Database\\Connection->run('insert into `mi...', Array, Object(Closure))
#2 C:\\Users\\wiran\\Desktop\\anakhebat\\vendor\\laravel\\framework\\src\\Illuminate\\Database\\Connection.php(540): Illuminate\\Database\\Connection->statement('insert into `mi...', Array)
#3 C:\\Users\\wiran\\Desktop\\anakhebat\\vendor\\laravel\\framework\\src\\Illuminate\\Database\\Query\\Processors\\Processor.php(32): Illuminate\\Database\\Connection->insert('insert into `mi...', Array)
#4 C:\\Users\\wiran\\Desktop\\anakhebat\\vendor\\laravel\\framework\\src\\Illuminate\\Database\\Query\\Builder.php(3507): Illuminate\\Database\\Query\\Processors\\Processor->processInsertGetId(Object(Illuminate\\Database\\Query\\Builder), 'insert into `mi...', Array, 'id')
#5 C:\\Users\\wiran\\Desktop\\anakhebat\\vendor\\laravel\\framework\\src\\Illuminate\\Database\\Eloquent\\Builder.php(1969): Illuminate\\Database\\Query\\Builder->insertGetId(Array, 'id')
#6 C:\\Users\\wiran\\Desktop\\anakhebat\\vendor\\laravel\\framework\\src\\Illuminate\\Database\\Eloquent\\Model.php(1333): Illuminate\\Database\\Eloquent\\Builder->__call('insertGetId', Array)
#7 C:\\Users\\wiran\\Desktop\\anakhebat\\vendor\\laravel\\framework\\src\\Illuminate\\Database\\Eloquent\\Model.php(1298): Illuminate\\Database\\Eloquent\\Model->insertAndSetId(Object(Illuminate\\Database\\Eloquent\\Builder), Array)
#8 C:\\Users\\wiran\\Desktop\\anakhebat\\vendor\\laravel\\framework\\src\\Illuminate\\Database\\Eloquent\\Model.php(1137): Illuminate\\Database\\Eloquent\\Model->performInsert(Object(Illuminate\\Database\\Eloquent\\Builder))
#9 C:\\Users\\wiran\\Desktop\\anakhebat\\vendor\\laravel\\framework\\src\\Illuminate\\Database\\Eloquent\\Builder.php(1024): Illuminate\\Database\\Eloquent\\Model->save()
#10 C:\\Users\\wiran\\Desktop\\anakhebat\\vendor\\laravel\\framework\\src\\Illuminate\\Support\\helpers.php(307): Illuminate\\Database\\Eloquent\\Builder->Illuminate\\Database\\Eloquent\\{closure}(Object(App\\Models\\Mitra))
#11 C:\\Users\\wiran\\Desktop\\anakhebat\\vendor\\laravel\\framework\\src\\Illuminate\\Database\\Eloquent\\Builder.php(1023): tap(Object(App\\Models\\Mitra), Object(Closure))
#12 C:\\Users\\wiran\\Desktop\\anakhebat\\vendor\\laravel\\framework\\src\\Illuminate\\Support\\Traits\\ForwardsCalls.php(23): Illuminate\\Database\\Eloquent\\Builder->create(Array)
#13 C:\\Users\\wiran\\Desktop\\anakhebat\\vendor\\laravel\\framework\\src\\Illuminate\\Database\\Eloquent\\Model.php(2334): Illuminate\\Database\\Eloquent\\Model->forwardCallTo(Object(Illuminate\\Database\\Eloquent\\Builder), 'create', Array)
#14 C:\\Users\\wiran\\Desktop\\anakhebat\\vendor\\laravel\\framework\\src\\Illuminate\\Database\\Eloquent\\Model.php(2346): Illuminate\\Database\\Eloquent\\Model->__call('create', Array)
#15 C:\\Users\\wiran\\Desktop\\anakhebat\\vendor\\filament\\filament\\src\\Resources\\Pages\\CreateRecord.php(132): Illuminate\\Database\\Eloquent\\Model::__callStatic('create', Array)
#16 C:\\Users\\wiran\\Desktop\\anakhebat\\vendor\\filament\\filament\\src\\Resources\\Pages\\CreateRecord.php(75): Filament\\Resources\\Pages\\CreateRecord->handleRecordCreation(Array)
#17 C:\\Users\\wiran\\Desktop\\anakhebat\\vendor\\laravel\\framework\\src\\Illuminate\\Container\\BoundMethod.php(36): Filament\\Resources\\Pages\\CreateRecord->create(false)
#18 C:\\Users\\wiran\\Desktop\\anakhebat\\vendor\\laravel\\framework\\src\\Illuminate\\Container\\Util.php(41): Illuminate\\Container\\BoundMethod::Illuminate\\Container\\{closure}()
#19 C:\\Users\\wiran\\Desktop\\anakhebat\\vendor\\laravel\\framework\\src\\Illuminate\\Container\\BoundMethod.php(93): Illuminate\\Container\\Util::unwrapIfClosure(Object(Closure))
#20 C:\\Users\\wiran\\Desktop\\anakhebat\\vendor\\laravel\\framework\\src\\Illuminate\\Container\\BoundMethod.php(35): Illuminate\\Container\\BoundMethod::callBoundMethod(Object(Illuminate\\Foundation\\Application), Array, Object(Closure))
#21 C:\\Users\\wiran\\Desktop\\anakhebat\\vendor\\livewire\\livewire\\src\\ComponentConcerns\\HandlesActions.php(149): Illuminate\\Container\\BoundMethod::call(Object(Illuminate\\Foundation\\Application), Array, Array)
#22 C:\\Users\\wiran\\Desktop\\anakhebat\\vendor\\livewire\\livewire\\src\\HydrationMiddleware\\PerformActionCalls.php(36): Livewire\\Component->callMethod('create', Array, Object(Closure))
#23 C:\\Users\\wiran\\Desktop\\anakhebat\\vendor\\livewire\\livewire\\src\\LifecycleManager.php(89): Livewire\\HydrationMiddleware\\PerformActionCalls::hydrate(Object(App\\Filament\\Resources\\MitraResource\\Pages\\CreateMitra), Object(Livewire\\Request))
#24 C:\\Users\\wiran\\Desktop\\anakhebat\\vendor\\livewire\\livewire\\src\\Connection\\ConnectionHandler.php(13): Livewire\\LifecycleManager->hydrate()
#25 C:\\Users\\wiran\\Desktop\\anakhebat\\vendor\\livewire\\livewire\\src\\Controllers\\HttpConnectionHandler.php(19): Livewire\\Connection\\ConnectionHandler->handle(Array)
#26 C:\\Users\\wiran\\Desktop\\anakhebat\\vendor\\laravel\\framework\\src\\Illuminate\\Routing\\ControllerDispatcher.php(46): Livewire\\Controllers\\HttpConnectionHandler->__invoke('app.filament.re...')
#27 C:\\Users\\wiran\\Desktop\\anakhebat\\vendor\\laravel\\framework\\src\\Illuminate\\Routing\\Route.php(259): Illuminate\\Routing\\ControllerDispatcher->dispatch(Object(Illuminate\\Routing\\Route), Object(Livewire\\Controllers\\HttpConnectionHandler), '__invoke')
#28 C:\\Users\\wiran\\Desktop\\anakhebat\\vendor\\laravel\\framework\\src\\Illuminate\\Routing\\Route.php(205): Illuminate\\Routing\\Route->runController()
#29 C:\\Users\\wiran\\Desktop\\anakhebat\\vendor\\laravel\\framework\\src\\Illuminate\\Routing\\Router.php(806): Illuminate\\Routing\\Route->run()
#30 C:\\Users\\wiran\\Desktop\\anakhebat\\vendor\\laravel\\framework\\src\\Illuminate\\Pipeline\\Pipeline.php(144): Illuminate\\Routing\\Router->Illuminate\\Routing\\{closure}(Object(Illuminate\\Http\\Request))
#31 C:\\Users\\wiran\\Desktop\\anakhebat\\vendor\\laravel\\framework\\src\\Illuminate\\Routing\\Middleware\\SubstituteBindings.php(50): Illuminate\\Pipeline\\Pipeline->Illuminate\\Pipeline\\{closure}(Object(Illuminate\\Http\\Request))
#32 C:\\Users\\wiran\\Desktop\\anakhebat\\vendor\\laravel\\framework\\src\\Illuminate\\Pipeline\\Pipeline.php(183): Illuminate\\Routing\\Middleware\\SubstituteBindings->handle(Object(Illuminate\\Http\\Request), Object(Closure))
#33 C:\\Users\\wiran\\Desktop\\anakhebat\\vendor\\laravel\\framework\\src\\Illuminate\\Foundation\\Http\\Middleware\\VerifyCsrfToken.php(78): Illuminate\\Pipeline\\Pipeline->Illuminate\\Pipeline\\{closure}(Object(Illuminate\\Http\\Request))
#34 C:\\Users\\wiran\\Desktop\\anakhebat\\vendor\\laravel\\framework\\src\\Illuminate\\Pipeline\\Pipeline.php(183): Illuminate\\Foundation\\Http\\Middleware\\VerifyCsrfToken->handle(Object(Illuminate\\Http\\Request), Object(Closure))
#35 C:\\Users\\wiran\\Desktop\\anakhebat\\vendor\\laravel\\framework\\src\\Illuminate\\View\\Middleware\\ShareErrorsFromSession.php(49): Illuminate\\Pipeline\\Pipeline->Illuminate\\Pipeline\\{closure}(Object(Illuminate\\Http\\Request))
#36 C:\\Users\\wiran\\Desktop\\anakhebat\\vendor\\laravel\\framework\\src\\Illuminate\\Pipeline\\Pipeline.php(183): Illuminate\\View\\Middleware\\ShareErrorsFromSession->handle(Object(Illuminate\\Http\\Request), Object(Closure))
#37 C:\\Users\\wiran\\Desktop\\anakhebat\\vendor\\laravel\\framework\\src\\Illuminate\\Session\\Middleware\\StartSession.php(121): Illuminate\\Pipeline\\Pipeline->Illuminate\\Pipeline\\{closure}(Object(Illuminate\\Http\\Request))
#38 C:\\Users\\wiran\\Desktop\\anakhebat\\vendor\\laravel\\framework\\src\\Illuminate\\Session\\Middleware\\StartSession.php(64): Illuminate\\Session\\Middleware\\StartSession->handleStatefulRequest(Object(Illuminate\\Http\\Request), Object(Illuminate\\Session\\Store), Object(Closure))
#39 C:\\Users\\wiran\\Desktop\\anakhebat\\vendor\\laravel\\framework\\src\\Illuminate\\Pipeline\\Pipeline.php(183): Illuminate\\Session\\Middleware\\StartSession->handle(Object(Illuminate\\Http\\Request), Object(Closure))
#40 C:\\Users\\wiran\\Desktop\\anakhebat\\vendor\\laravel\\framework\\src\\Illuminate\\Cookie\\Middleware\\AddQueuedCookiesToResponse.php(37): Illuminate\\Pipeline\\Pipeline->Illuminate\\Pipeline\\{closure}(Object(Illuminate\\Http\\Request))
#41 C:\\Users\\wiran\\Desktop\\anakhebat\\vendor\\laravel\\framework\\src\\Illuminate\\Pipeline\\Pipeline.php(183): Illuminate\\Cookie\\Middleware\\AddQueuedCookiesToResponse->handle(Object(Illuminate\\Http\\Request), Object(Closure))
#42 C:\\Users\\wiran\\Desktop\\anakhebat\\vendor\\laravel\\framework\\src\\Illuminate\\Cookie\\Middleware\\EncryptCookies.php(67): Illuminate\\Pipeline\\Pipeline->Illuminate\\Pipeline\\{closure}(Object(Illuminate\\Http\\Request))
#43 C:\\Users\\wiran\\Desktop\\anakhebat\\vendor\\laravel\\framework\\src\\Illuminate\\Pipeline\\Pipeline.php(183): Illuminate\\Cookie\\Middleware\\EncryptCookies->handle(Object(Illuminate\\Http\\Request), Object(Closure))
#44 C:\\Users\\wiran\\Desktop\\anakhebat\\vendor\\laravel\\framework\\src\\Illuminate\\Pipeline\\Pipeline.php(119): Illuminate\\Pipeline\\Pipeline->Illuminate\\Pipeline\\{closure}(Object(Illuminate\\Http\\Request))
#45 C:\\Users\\wiran\\Desktop\\anakhebat\\vendor\\laravel\\framework\\src\\Illuminate\\Routing\\Router.php(805): Illuminate\\Pipeline\\Pipeline->then(Object(Closure))
#46 C:\\Users\\wiran\\Desktop\\anakhebat\\vendor\\laravel\\framework\\src\\Illuminate\\Routing\\Router.php(784): Illuminate\\Routing\\Router->runRouteWithinStack(Object(Illuminate\\Routing\\Route), Object(Illuminate\\Http\\Request))
#47 C:\\Users\\wiran\\Desktop\\anakhebat\\vendor\\laravel\\framework\\src\\Illuminate\\Routing\\Router.php(748): Illuminate\\Routing\\Router->runRoute(Object(Illuminate\\Http\\Request), Object(Illuminate\\Routing\\Route))
#48 C:\\Users\\wiran\\Desktop\\anakhebat\\vendor\\laravel\\framework\\src\\Illuminate\\Routing\\Router.php(737): Illuminate\\Routing\\Router->dispatchToRoute(Object(Illuminate\\Http\\Request))
#49 C:\\Users\\wiran\\Desktop\\anakhebat\\vendor\\laravel\\framework\\src\\Illuminate\\Foundation\\Http\\Kernel.php(200): Illuminate\\Routing\\Router->dispatch(Object(Illuminate\\Http\\Request))
#50 C:\\Users\\wiran\\Desktop\\anakhebat\\vendor\\laravel\\framework\\src\\Illuminate\\Pipeline\\Pipeline.php(144): Illuminate\\Foundation\\Http\\Kernel->Illuminate\\Foundation\\Http\\{closure}(Object(Illuminate\\Http\\Request))
#51 C:\\Users\\wiran\\Desktop\\anakhebat\\vendor\\livewire\\livewire\\src\\DisableBrowserCache.php(19): Illuminate\\Pipeline\\Pipeline->Illuminate\\Pipeline\\{closure}(Object(Illuminate\\Http\\Request))
#52 C:\\Users\\wiran\\Desktop\\anakhebat\\vendor\\laravel\\framework\\src\\Illuminate\\Pipeline\\Pipeline.php(183): Livewire\\DisableBrowserCache->handle(Object(Illuminate\\Http\\Request), Object(Closure))
#53 C:\\Users\\wiran\\Desktop\\anakhebat\\vendor\\laravel\\framework\\src\\Illuminate\\Foundation\\Http\\Middleware\\ConvertEmptyStringsToNull.php(27): Illuminate\\Pipeline\\Pipeline->Illuminate\\Pipeline\\{closure}(Object(Illuminate\\Http\\Request))
#54 C:\\Users\\wiran\\Desktop\\anakhebat\\vendor\\laravel\\framework\\src\\Illuminate\\Pipeline\\Pipeline.php(183): Illuminate\\Foundation\\Http\\Middleware\\ConvertEmptyStringsToNull->handle(Object(Illuminate\\Http\\Request), Object(Closure))
#55 C:\\Users\\wiran\\Desktop\\anakhebat\\vendor\\laravel\\framework\\src\\Illuminate\\Foundation\\Http\\Middleware\\TrimStrings.php(36): Illuminate\\Pipeline\\Pipeline->Illuminate\\Pipeline\\{closure}(Object(Illuminate\\Http\\Request))
#56 C:\\Users\\wiran\\Desktop\\anakhebat\\vendor\\laravel\\framework\\src\\Illuminate\\Pipeline\\Pipeline.php(183): Illuminate\\Foundation\\Http\\Middleware\\TrimStrings->handle(Object(Illuminate\\Http\\Request), Object(Closure))
#57 C:\\Users\\wiran\\Desktop\\anakhebat\\vendor\\laravel\\framework\\src\\Illuminate\\Foundation\\Http\\Middleware\\ValidatePostSize.php(27): Illuminate\\Pipeline\\Pipeline->Illuminate\\Pipeline\\{closure}(Object(Illuminate\\Http\\Request))
#58 C:\\Users\\wiran\\Desktop\\anakhebat\\vendor\\laravel\\framework\\src\\Illuminate\\Pipeline\\Pipeline.php(183): Illuminate\\Foundation\\Http\\Middleware\\ValidatePostSize->handle(Object(Illuminate\\Http\\Request), Object(Closure))
#59 C:\\Users\\wiran\\Desktop\\anakhebat\\vendor\\laravel\\framework\\src\\Illuminate\\Foundation\\Http\\Middleware\\PreventRequestsDuringMaintenance.php(99): Illuminate\\Pipeline\\Pipeline->Illuminate\\Pipeline\\{closure}(Object(Illuminate\\Http\\Request))
#60 C:\\Users\\wiran\\Desktop\\anakhebat\\vendor\\laravel\\framework\\src\\Illuminate\\Pipeline\\Pipeline.php(183): Illuminate\\Foundation\\Http\\Middleware\\PreventRequestsDuringMaintenance->handle(Object(Illuminate\\Http\\Request), Object(Closure))
#61 C:\\Users\\wiran\\Desktop\\anakhebat\\vendor\\laravel\\framework\\src\\Illuminate\\Http\\Middleware\\HandleCors.php(49): Illuminate\\Pipeline\\Pipeline->Illuminate\\Pipeline\\{closure}(Object(Illuminate\\Http\\Request))
#62 C:\\Users\\wiran\\Desktop\\anakhebat\\vendor\\laravel\\framework\\src\\Illuminate\\Pipeline\\Pipeline.php(183): Illuminate\\Http\\Middleware\\HandleCors->handle(Object(Illuminate\\Http\\Request), Object(Closure))
#63 C:\\Users\\wiran\\Desktop\\anakhebat\\vendor\\laravel\\framework\\src\\Illuminate\\Http\\Middleware\\TrustProxies.php(39): Illuminate\\Pipeline\\Pipeline->Illuminate\\Pipeline\\{closure}(Object(Illuminate\\Http\\Request))
#64 C:\\Users\\wiran\\Desktop\\anakhebat\\vendor\\laravel\\framework\\src\\Illuminate\\Pipeline\\Pipeline.php(183): Illuminate\\Http\\Middleware\\TrustProxies->handle(Object(Illuminate\\Http\\Request), Object(Closure))
#65 C:\\Users\\wiran\\Desktop\\anakhebat\\vendor\\laravel\\framework\\src\\Illuminate\\Pipeline\\Pipeline.php(119): Illuminate\\Pipeline\\Pipeline->Illuminate\\Pipeline\\{closure}(Object(Illuminate\\Http\\Request))
#66 C:\\Users\\wiran\\Desktop\\anakhebat\\vendor\\laravel\\framework\\src\\Illuminate\\Foundation\\Http\\Kernel.php(175): Illuminate\\Pipeline\\Pipeline->then(Object(Closure))
#67 C:\\Users\\wiran\\Desktop\\anakhebat\\vendor\\laravel\\framework\\src\\Illuminate\\Foundation\\Http\\Kernel.php(144): Illuminate\\Foundation\\Http\\Kernel->sendRequestThroughRouter(Object(Illuminate\\Http\\Request))
#68 C:\\Users\\wiran\\Desktop\\anakhebat\\public\\index.php(51): Illuminate\\Foundation\\Http\\Kernel->handle(Object(Illuminate\\Http\\Request))
#69 C:\\Users\\wiran\\Desktop\\anakhebat\\vendor\\laravel\\framework\\src\\Illuminate\\Foundation\\resources\\server.php(16): require_once('C:\\\\Users\\\\wiran\\\\...')
#70 {main}

[previous exception] [object] (PDOException(code: HY000): SQLSTATE[HY000]: General error: 1364 Field 'nomor_unit' doesn't have a default value at C:\\Users\\wiran\\Desktop\\anakhebat\\vendor\\laravel\\framework\\src\\Illuminate\\Database\\Connection.php:587)
[stacktrace]
#0 C:\\Users\\wiran\\Desktop\\anakhebat\\vendor\\laravel\\framework\\src\\Illuminate\\Database\\Connection.php(587): PDOStatement->execute()
#1 C:\\Users\\wiran\\Desktop\\anakhebat\\vendor\\laravel\\framework\\src\\Illuminate\\Database\\Connection.php(816): Illuminate\\Database\\Connection->Illuminate\\Database\\{closure}('insert into `mi...', Array)
#2 C:\\Users\\wiran\\Desktop\\anakhebat\\vendor\\laravel\\framework\\src\\Illuminate\\Database\\Connection.php(783): Illuminate\\Database\\Connection->runQueryCallback('insert into `mi...', Array, Object(Closure))
#3 C:\\Users\\wiran\\Desktop\\anakhebat\\vendor\\laravel\\framework\\src\\Illuminate\\Database\\Connection.php(576): Illuminate\\Database\\Connection->run('insert into `mi...', Array, Object(Closure))
#4 C:\\Users\\wiran\\Desktop\\anakhebat\\vendor\\laravel\\framework\\src\\Illuminate\\Database\\Connection.php(540): Illuminate\\Database\\Connection->statement('insert into `mi...', Array)
#5 C:\\Users\\wiran\\Desktop\\anakhebat\\vendor\\laravel\\framework\\src\\Illuminate\\Database\\Query\\Processors\\Processor.php(32): Illuminate\\Database\\Connection->insert('insert into `mi...', Array)
#6 C:\\Users\\wiran\\Desktop\\anakhebat\\vendor\\laravel\\framework\\src\\Illuminate\\Database\\Query\\Builder.php(3507): Illuminate\\Database\\Query\\Processors\\Processor->processInsertGetId(Object(Illuminate\\Database\\Query\\Builder), 'insert into `mi...', Array, 'id')
#7 C:\\Users\\wiran\\Desktop\\anakhebat\\vendor\\laravel\\framework\\src\\Illuminate\\Database\\Eloquent\\Builder.php(1969): Illuminate\\Database\\Query\\Builder->insertGetId(Array, 'id')
#8 C:\\Users\\wiran\\Desktop\\anakhebat\\vendor\\laravel\\framework\\src\\Illuminate\\Database\\Eloquent\\Model.php(1333): Illuminate\\Database\\Eloquent\\Builder->__call('insertGetId', Array)
#9 C:\\Users\\wiran\\Desktop\\anakhebat\\vendor\\laravel\\framework\\src\\Illuminate\\Database\\Eloquent\\Model.php(1298): Illuminate\\Database\\Eloquent\\Model->insertAndSetId(Object(Illuminate\\Database\\Eloquent\\Builder), Array)
#10 C:\\Users\\wiran\\Desktop\\anakhebat\\vendor\\laravel\\framework\\src\\Illuminate\\Database\\Eloquent\\Model.php(1137): Illuminate\\Database\\Eloquent\\Model->performInsert(Object(Illuminate\\Database\\Eloquent\\Builder))
#11 C:\\Users\\wiran\\Desktop\\anakhebat\\vendor\\laravel\\framework\\src\\Illuminate\\Database\\Eloquent\\Builder.php(1024): Illuminate\\Database\\Eloquent\\Model->save()
#12 C:\\Users\\wiran\\Desktop\\anakhebat\\vendor\\laravel\\framework\\src\\Illuminate\\Support\\helpers.php(307): Illuminate\\Database\\Eloquent\\Builder->Illuminate\\Database\\Eloquent\\{closure}(Object(App\\Models\\Mitra))
#13 C:\\Users\\wiran\\Desktop\\anakhebat\\vendor\\laravel\\framework\\src\\Illuminate\\Database\\Eloquent\\Builder.php(1023): tap(Object(App\\Models\\Mitra), Object(Closure))
#14 C:\\Users\\wiran\\Desktop\\anakhebat\\vendor\\laravel\\framework\\src\\Illuminate\\Support\\Traits\\ForwardsCalls.php(23): Illuminate\\Database\\Eloquent\\Builder->create(Array)
#15 C:\\Users\\wiran\\Desktop\\anakhebat\\vendor\\laravel\\framework\\src\\Illuminate\\Database\\Eloquent\\Model.php(2334): Illuminate\\Database\\Eloquent\\Model->forwardCallTo(Object(Illuminate\\Database\\Eloquent\\Builder), 'create', Array)
#16 C:\\Users\\wiran\\Desktop\\anakhebat\\vendor\\laravel\\framework\\src\\Illuminate\\Database\\Eloquent\\Model.php(2346): Illuminate\\Database\\Eloquent\\Model->__call('create', Array)
#17 C:\\Users\\wiran\\Desktop\\anakhebat\\vendor\\filament\\filament\\src\\Resources\\Pages\\CreateRecord.php(132): Illuminate\\Database\\Eloquent\\Model::__callStatic('create', Array)
#18 C:\\Users\\wiran\\Desktop\\anakhebat\\vendor\\filament\\filament\\src\\Resources\\Pages\\CreateRecord.php(75): Filament\\Resources\\Pages\\CreateRecord->handleRecordCreation(Array)
#19 C:\\Users\\wiran\\Desktop\\anakhebat\\vendor\\laravel\\framework\\src\\Illuminate\\Container\\BoundMethod.php(36): Filament\\Resources\\Pages\\CreateRecord->create(false)
#20 C:\\Users\\wiran\\Desktop\\anakhebat\\vendor\\laravel\\framework\\src\\Illuminate\\Container\\Util.php(41): Illuminate\\Container\\BoundMethod::Illuminate\\Container\\{closure}()
#21 C:\\Users\\wiran\\Desktop\\anakhebat\\vendor\\laravel\\framework\\src\\Illuminate\\Container\\BoundMethod.php(93): Illuminate\\Container\\Util::unwrapIfClosure(Object(Closure))
#22 C:\\Users\\wiran\\Desktop\\anakhebat\\vendor\\laravel\\framework\\src\\Illuminate\\Container\\BoundMethod.php(35): Illuminate\\Container\\BoundMethod::callBoundMethod(Object(Illuminate\\Foundation\\Application), Array, Object(Closure))
#23 C:\\Users\\wiran\\Desktop\\anakhebat\\vendor\\livewire\\livewire\\src\\ComponentConcerns\\HandlesActions.php(149): Illuminate\\Container\\BoundMethod::call(Object(Illuminate\\Foundation\\Application), Array, Array)
#24 C:\\Users\\wiran\\Desktop\\anakhebat\\vendor\\livewire\\livewire\\src\\HydrationMiddleware\\PerformActionCalls.php(36): Livewire\\Component->callMethod('create', Array, Object(Closure))
#25 C:\\Users\\wiran\\Desktop\\anakhebat\\vendor\\livewire\\livewire\\src\\LifecycleManager.php(89): Livewire\\HydrationMiddleware\\PerformActionCalls::hydrate(Object(App\\Filament\\Resources\\MitraResource\\Pages\\CreateMitra), Object(Livewire\\Request))
#26 C:\\Users\\wiran\\Desktop\\anakhebat\\vendor\\livewire\\livewire\\src\\Connection\\ConnectionHandler.php(13): Livewire\\LifecycleManager->hydrate()
#27 C:\\Users\\wiran\\Desktop\\anakhebat\\vendor\\livewire\\livewire\\src\\Controllers\\HttpConnectionHandler.php(19): Livewire\\Connection\\ConnectionHandler->handle(Array)
#28 C:\\Users\\wiran\\Desktop\\anakhebat\\vendor\\laravel\\framework\\src\\Illuminate\\Routing\\ControllerDispatcher.php(46): Livewire\\Controllers\\HttpConnectionHandler->__invoke('app.filament.re...')
#29 C:\\Users\\wiran\\Desktop\\anakhebat\\vendor\\laravel\\framework\\src\\Illuminate\\Routing\\Route.php(259): Illuminate\\Routing\\ControllerDispatcher->dispatch(Object(Illuminate\\Routing\\Route), Object(Livewire\\Controllers\\HttpConnectionHandler), '__invoke')
#30 C:\\Users\\wiran\\Desktop\\anakhebat\\vendor\\laravel\\framework\\src\\Illuminate\\Routing\\Route.php(205): Illuminate\\Routing\\Route->runController()
#31 C:\\Users\\wiran\\Desktop\\anakhebat\\vendor\\laravel\\framework\\src\\Illuminate\\Routing\\Router.php(806): Illuminate\\Routing\\Route->run()
#32 C:\\Users\\wiran\\Desktop\\anakhebat\\vendor\\laravel\\framework\\src\\Illuminate\\Pipeline\\Pipeline.php(144): Illuminate\\Routing\\Router->Illuminate\\Routing\\{closure}(Object(Illuminate\\Http\\Request))
#33 C:\\Users\\wiran\\Desktop\\anakhebat\\vendor\\laravel\\framework\\src\\Illuminate\\Routing\\Middleware\\SubstituteBindings.php(50): Illuminate\\Pipeline\\Pipeline->Illuminate\\Pipeline\\{closure}(Object(Illuminate\\Http\\Request))
#34 C:\\Users\\wiran\\Desktop\\anakhebat\\vendor\\laravel\\framework\\src\\Illuminate\\Pipeline\\Pipeline.php(183): Illuminate\\Routing\\Middleware\\SubstituteBindings->handle(Object(Illuminate\\Http\\Request), Object(Closure))
#35 C:\\Users\\wiran\\Desktop\\anakhebat\\vendor\\laravel\\framework\\src\\Illuminate\\Foundation\\Http\\Middleware\\VerifyCsrfToken.php(78): Illuminate\\Pipeline\\Pipeline->Illuminate\\Pipeline\\{closure}(Object(Illuminate\\Http\\Request))
#36 C:\\Users\\wiran\\Desktop\\anakhebat\\vendor\\laravel\\framework\\src\\Illuminate\\Pipeline\\Pipeline.php(183): Illuminate\\Foundation\\Http\\Middleware\\VerifyCsrfToken->handle(Object(Illuminate\\Http\\Request), Object(Closure))
#37 C:\\Users\\wiran\\Desktop\\anakhebat\\vendor\\laravel\\framework\\src\\Illuminate\\View\\Middleware\\ShareErrorsFromSession.php(49): Illuminate\\Pipeline\\Pipeline->Illuminate\\Pipeline\\{closure}(Object(Illuminate\\Http\\Request))
#38 C:\\Users\\wiran\\Desktop\\anakhebat\\vendor\\laravel\\framework\\src\\Illuminate\\Pipeline\\Pipeline.php(183): Illuminate\\View\\Middleware\\ShareErrorsFromSession->handle(Object(Illuminate\\Http\\Request), Object(Closure))
#39 C:\\Users\\wiran\\Desktop\\anakhebat\\vendor\\laravel\\framework\\src\\Illuminate\\Session\\Middleware\\StartSession.php(121): Illuminate\\Pipeline\\Pipeline->Illuminate\\Pipeline\\{closure}(Object(Illuminate\\Http\\Request))
#40 C:\\Users\\wiran\\Desktop\\anakhebat\\vendor\\laravel\\framework\\src\\Illuminate\\Session\\Middleware\\StartSession.php(64): Illuminate\\Session\\Middleware\\StartSession->handleStatefulRequest(Object(Illuminate\\Http\\Request), Object(Illuminate\\Session\\Store), Object(Closure))
#41 C:\\Users\\wiran\\Desktop\\anakhebat\\vendor\\laravel\\framework\\src\\Illuminate\\Pipeline\\Pipeline.php(183): Illuminate\\Session\\Middleware\\StartSession->handle(Object(Illuminate\\Http\\Request), Object(Closure))
#42 C:\\Users\\wiran\\Desktop\\anakhebat\\vendor\\laravel\\framework\\src\\Illuminate\\Cookie\\Middleware\\AddQueuedCookiesToResponse.php(37): Illuminate\\Pipeline\\Pipeline->Illuminate\\Pipeline\\{closure}(Object(Illuminate\\Http\\Request))
#43 C:\\Users\\wiran\\Desktop\\anakhebat\\vendor\\laravel\\framework\\src\\Illuminate\\Pipeline\\Pipeline.php(183): Illuminate\\Cookie\\Middleware\\AddQueuedCookiesToResponse->handle(Object(Illuminate\\Http\\Request), Object(Closure))
#44 C:\\Users\\wiran\\Desktop\\anakhebat\\vendor\\laravel\\framework\\src\\Illuminate\\Cookie\\Middleware\\EncryptCookies.php(67): Illuminate\\Pipeline\\Pipeline->Illuminate\\Pipeline\\{closure}(Object(Illuminate\\Http\\Request))
#45 C:\\Users\\wiran\\Desktop\\anakhebat\\vendor\\laravel\\framework\\src\\Illuminate\\Pipeline\\Pipeline.php(183): Illuminate\\Cookie\\Middleware\\EncryptCookies->handle(Object(Illuminate\\Http\\Request), Object(Closure))
#46 C:\\Users\\wiran\\Desktop\\anakhebat\\vendor\\laravel\\framework\\src\\Illuminate\\Pipeline\\Pipeline.php(119): Illuminate\\Pipeline\\Pipeline->Illuminate\\Pipeline\\{closure}(Object(Illuminate\\Http\\Request))
#47 C:\\Users\\wiran\\Desktop\\anakhebat\\vendor\\laravel\\framework\\src\\Illuminate\\Routing\\Router.php(805): Illuminate\\Pipeline\\Pipeline->then(Object(Closure))
#48 C:\\Users\\wiran\\Desktop\\anakhebat\\vendor\\laravel\\framework\\src\\Illuminate\\Routing\\Router.php(784): Illuminate\\Routing\\Router->runRouteWithinStack(Object(Illuminate\\Routing\\Route), Object(Illuminate\\Http\\Request))
#49 C:\\Users\\wiran\\Desktop\\anakhebat\\vendor\\laravel\\framework\\src\\Illuminate\\Routing\\Router.php(748): Illuminate\\Routing\\Router->runRoute(Object(Illuminate\\Http\\Request), Object(Illuminate\\Routing\\Route))
#50 C:\\Users\\wiran\\Desktop\\anakhebat\\vendor\\laravel\\framework\\src\\Illuminate\\Routing\\Router.php(737): Illuminate\\Routing\\Router->dispatchToRoute(Object(Illuminate\\Http\\Request))
#51 C:\\Users\\wiran\\Desktop\\anakhebat\\vendor\\laravel\\framework\\src\\Illuminate\\Foundation\\Http\\Kernel.php(200): Illuminate\\Routing\\Router->dispatch(Object(Illuminate\\Http\\Request))
#52 C:\\Users\\wiran\\Desktop\\anakhebat\\vendor\\laravel\\framework\\src\\Illuminate\\Pipeline\\Pipeline.php(144): Illuminate\\Foundation\\Http\\Kernel->Illuminate\\Foundation\\Http\\{closure}(Object(Illuminate\\Http\\Request))
#53 C:\\Users\\wiran\\Desktop\\anakhebat\\vendor\\livewire\\livewire\\src\\DisableBrowserCache.php(19): Illuminate\\Pipeline\\Pipeline->Illuminate\\Pipeline\\{closure}(Object(Illuminate\\Http\\Request))
#54 C:\\Users\\wiran\\Desktop\\anakhebat\\vendor\\laravel\\framework\\src\\Illuminate\\Pipeline\\Pipeline.php(183): Livewire\\DisableBrowserCache->handle(Object(Illuminate\\Http\\Request), Object(Closure))
#55 C:\\Users\\wiran\\Desktop\\anakhebat\\vendor\\laravel\\framework\\src\\Illuminate\\Foundation\\Http\\Middleware\\ConvertEmptyStringsToNull.php(27): Illuminate\\Pipeline\\Pipeline->Illuminate\\Pipeline\\{closure}(Object(Illuminate\\Http\\Request))
#56 C:\\Users\\wiran\\Desktop\\anakhebat\\vendor\\laravel\\framework\\src\\Illuminate\\Pipeline\\Pipeline.php(183): Illuminate\\Foundation\\Http\\Middleware\\ConvertEmptyStringsToNull->handle(Object(Illuminate\\Http\\Request), Object(Closure))
#57 C:\\Users\\wiran\\Desktop\\anakhebat\\vendor\\laravel\\framework\\src\\Illuminate\\Foundation\\Http\\Middleware\\TrimStrings.php(36): Illuminate\\Pipeline\\Pipeline->Illuminate\\Pipeline\\{closure}(Object(Illuminate\\Http\\Request))
#58 C:\\Users\\wiran\\Desktop\\anakhebat\\vendor\\laravel\\framework\\src\\Illuminate\\Pipeline\\Pipeline.php(183): Illuminate\\Foundation\\Http\\Middleware\\TrimStrings->handle(Object(Illuminate\\Http\\Request), Object(Closure))
#59 C:\\Users\\wiran\\Desktop\\anakhebat\\vendor\\laravel\\framework\\src\\Illuminate\\Foundation\\Http\\Middleware\\ValidatePostSize.php(27): Illuminate\\Pipeline\\Pipeline->Illuminate\\Pipeline\\{closure}(Object(Illuminate\\Http\\Request))
#60 C:\\Users\\wiran\\Desktop\\anakhebat\\vendor\\laravel\\framework\\src\\Illuminate\\Pipeline\\Pipeline.php(183): Illuminate\\Foundation\\Http\\Middleware\\ValidatePostSize->handle(Object(Illuminate\\Http\\Request), Object(Closure))
#61 C:\\Users\\wiran\\Desktop\\anakhebat\\vendor\\laravel\\framework\\src\\Illuminate\\Foundation\\Http\\Middleware\\PreventRequestsDuringMaintenance.php(99): Illuminate\\Pipeline\\Pipeline->Illuminate\\Pipeline\\{closure}(Object(Illuminate\\Http\\Request))
#62 C:\\Users\\wiran\\Desktop\\anakhebat\\vendor\\laravel\\framework\\src\\Illuminate\\Pipeline\\Pipeline.php(183): Illuminate\\Foundation\\Http\\Middleware\\PreventRequestsDuringMaintenance->handle(Object(Illuminate\\Http\\Request), Object(Closure))
#63 C:\\Users\\wiran\\Desktop\\anakhebat\\vendor\\laravel\\framework\\src\\Illuminate\\Http\\Middleware\\HandleCors.php(49): Illuminate\\Pipeline\\Pipeline->Illuminate\\Pipeline\\{closure}(Object(Illuminate\\Http\\Request))
#64 C:\\Users\\wiran\\Desktop\\anakhebat\\vendor\\laravel\\framework\\src\\Illuminate\\Pipeline\\Pipeline.php(183): Illuminate\\Http\\Middleware\\HandleCors->handle(Object(Illuminate\\Http\\Request), Object(Closure))
#65 C:\\Users\\wiran\\Desktop\\anakhebat\\vendor\\laravel\\framework\\src\\Illuminate\\Http\\Middleware\\TrustProxies.php(39): Illuminate\\Pipeline\\Pipeline->Illuminate\\Pipeline\\{closure}(Object(Illuminate\\Http\\Request))
#66 C:\\Users\\wiran\\Desktop\\anakhebat\\vendor\\laravel\\framework\\src\\Illuminate\\Pipeline\\Pipeline.php(183): Illuminate\\Http\\Middleware\\TrustProxies->handle(Object(Illuminate\\Http\\Request), Object(Closure))
#67 C:\\Users\\wiran\\Desktop\\anakhebat\\vendor\\laravel\\framework\\src\\Illuminate\\Pipeline\\Pipeline.php(119): Illuminate\\Pipeline\\Pipeline->Illuminate\\Pipeline\\{closure}(Object(Illuminate\\Http\\Request))
#68 C:\\Users\\wiran\\Desktop\\anakhebat\\vendor\\laravel\\framework\\src\\Illuminate\\Foundation\\Http\\Kernel.php(175): Illuminate\\Pipeline\\Pipeline->then(Object(Closure))
#69 C:\\Users\\wiran\\Desktop\\anakhebat\\vendor\\laravel\\framework\\src\\Illuminate\\Foundation\\Http\\Kernel.php(144): Illuminate\\Foundation\\Http\\Kernel->sendRequestThroughRouter(Object(Illuminate\\Http\\Request))
#70 C:\\Users\\wiran\\Desktop\\anakhebat\\public\\index.php(51): Illuminate\\Foundation\\Http\\Kernel->handle(Object(Illuminate\\Http\\Request))
#71 C:\\Users\\wiran\\Desktop\\anakhebat\\vendor\\laravel\\framework\\src\\Illuminate\\Foundation\\resources\\server.php(16): require_once('C:\\\\Users\\\\wiran\\\\...')
#72 {main}
"} 
[2024-04-05 08:48:50] local.ERROR: Unclosed '(' on line 31 does not match ']' {"exception":"[object] (ParseError(code: 0): Unclosed '(' on line 31 does not match ']' at C:\\Users\\wiran\\Desktop\\anakhebat\\app\\Filament\\Resources\\MitraResource.php:38)
[stacktrace]
#0 C:\\Users\\wiran\\Desktop\\anakhebat\\vendor\\composer\\ClassLoader.php(427): Composer\\Autoload\\{closure}('C:\\\\Users\\\\wiran\\\\...')
#1 [internal function]: Composer\\Autoload\\ClassLoader->loadClass('App\\\\Filament\\\\Re...')
#2 C:\\Users\\wiran\\Desktop\\anakhebat\\vendor\\filament\\filament\\src\\FilamentServiceProvider.php(161): class_exists('App\\\\Filament\\\\Re...')
#3 C:\\Users\\wiran\\Desktop\\anakhebat\\vendor\\filament\\filament\\src\\FilamentServiceProvider.php(84): Filament\\FilamentServiceProvider->registerComponents()
#4 C:\\Users\\wiran\\Desktop\\anakhebat\\vendor\\laravel\\framework\\src\\Illuminate\\Foundation\\Application.php(1073): Filament\\FilamentServiceProvider->Filament\\{closure}(Object(Illuminate\\Foundation\\Application))
#5 C:\\Users\\wiran\\Desktop\\anakhebat\\vendor\\laravel\\framework\\src\\Illuminate\\Foundation\\Application.php(1008): Illuminate\\Foundation\\Application->fireAppCallbacks(Array)
#6 C:\\Users\\wiran\\Desktop\\anakhebat\\vendor\\laravel\\framework\\src\\Illuminate\\Foundation\\Bootstrap\\BootProviders.php(17): Illuminate\\Foundation\\Application->boot()
#7 C:\\Users\\wiran\\Desktop\\anakhebat\\vendor\\laravel\\framework\\src\\Illuminate\\Foundation\\Application.php(263): Illuminate\\Foundation\\Bootstrap\\BootProviders->bootstrap(Object(Illuminate\\Foundation\\Application))
#8 C:\\Users\\wiran\\Desktop\\anakhebat\\vendor\\laravel\\framework\\src\\Illuminate\\Foundation\\Console\\Kernel.php(447): Illuminate\\Foundation\\Application->bootstrapWith(Array)
#9 C:\\Users\\wiran\\Desktop\\anakhebat\\vendor\\laravel\\framework\\src\\Illuminate\\Foundation\\Console\\Kernel.php(199): Illuminate\\Foundation\\Console\\Kernel->bootstrap()
#10 Command line code(1): Illuminate\\Foundation\\Console\\Kernel->handle(Object(Symfony\\Component\\Console\\Input\\ArgvInput), Object(Symfony\\Component\\Console\\Output\\ConsoleOutput))
#11 {main}
"} 
[2024-04-05 10:15:08] local.ERROR: syntax error, unexpected token "}", expecting "," or ";" {"exception":"[object] (Symfony\\Component\\ErrorHandler\\Error\\FatalError(code: 0): syntax error, unexpected token \"}\", expecting \",\" or \";\" at C:\\Users\\wiran\\Desktop\\anakhebat\\app\\Models\\OrangTua.php:13)
[stacktrace]
#0 {main}
"} 
[2024-04-05 10:15:22] local.ERROR: syntax error, unexpected token "}", expecting "," or ";" {"exception":"[object] (Symfony\\Component\\ErrorHandler\\Error\\FatalError(code: 0): syntax error, unexpected token \"}\", expecting \",\" or \";\" at C:\\Users\\wiran\\Desktop\\anakhebat\\app\\Models\\OrangTua.php:13)
[stacktrace]
#0 {main}
"} 
[2024-05-16 12:11:36] local.ERROR: Command "make:filament-admin" is not defined.

Did you mean one of these?
    make:cast
    make:channel
    make:command
    make:component
    make:controller
    make:event
    make:exception
    make:factory
    make:filament-belongs-to-many
    make:filament-has-many
    make:filament-has-many-through
    make:filament-morph-many
    make:filament-morph-to-many
    make:filament-page
    make:filament-relation-manager
    make:filament-resource
    make:filament-user
    make:filament-widget
    make:form-field
    make:form-layout
    make:job
    make:listener
    make:livewire
    make:livewire-form
    make:livewire-table
    make:mail
    make:middleware
    make:migration
    make:model
    make:notification
    make:observer
    make:policy
    make:provider
    make:request
    make:resource
    make:rule
    make:scope
    make:seeder
    make:table-column
    make:test
    make:view {"exception":"[object] (Symfony\\Component\\Console\\Exception\\CommandNotFoundException(code: 0): Command \"make:filament-admin\" is not defined.

Did you mean one of these?
    make:cast
    make:channel
    make:command
    make:component
    make:controller
    make:event
    make:exception
    make:factory
    make:filament-belongs-to-many
    make:filament-has-many
    make:filament-has-many-through
    make:filament-morph-many
    make:filament-morph-to-many
    make:filament-page
    make:filament-relation-manager
    make:filament-resource
    make:filament-user
    make:filament-widget
    make:form-field
    make:form-layout
    make:job
    make:listener
    make:livewire
    make:livewire-form
    make:livewire-table
    make:mail
    make:middleware
    make:migration
    make:model
    make:notification
    make:observer
    make:policy
    make:provider
    make:request
    make:resource
    make:rule
    make:scope
    make:seeder
    make:table-column
    make:test
    make:view at C:\\xampp\\htdocs\\anakhebat\\vendor\\symfony\\console\\Application.php:737)
[stacktrace]
#0 C:\\xampp\\htdocs\\anakhebat\\vendor\\symfony\\console\\Application.php(266): Symfony\\Component\\Console\\Application->find('make:filament-a...')
#1 C:\\xampp\\htdocs\\anakhebat\\vendor\\symfony\\console\\Application.php(175): Symfony\\Component\\Console\\Application->doRun(Object(Symfony\\Component\\Console\\Input\\ArgvInput), Object(Symfony\\Component\\Console\\Output\\ConsoleOutput))
#2 C:\\xampp\\htdocs\\anakhebat\\vendor\\laravel\\framework\\src\\Illuminate\\Foundation\\Console\\Kernel.php(201): Symfony\\Component\\Console\\Application->run(Object(Symfony\\Component\\Console\\Input\\ArgvInput), Object(Symfony\\Component\\Console\\Output\\ConsoleOutput))
#3 C:\\xampp\\htdocs\\anakhebat\\artisan(35): Illuminate\\Foundation\\Console\\Kernel->handle(Object(Symfony\\Component\\Console\\Input\\ArgvInput), Object(Symfony\\Component\\Console\\Output\\ConsoleOutput))
#4 {main}
"} 
